2023-08-11T08:56:06.215007Z        100 [info ] ../src/host/main.cpp:176             | CCF version: ccf-4.0.0-187-gad7f64d81
2023-08-11T08:56:06.215050Z        100 [info ] ../src/host/main.cpp:184             | Configuration file 1.config.json:
{
  "enclave": {
    "file": "./libbasic.virtual.so",
    "type": "Virtual",
    "platform": "Virtual"
  },
  "network": {
    "node_to_node_interface": {
      "bind_address": "172.23.0.9:0",
      "published_address": ""
    },
    "rpc_interfaces": {
      "primary_rpc_interface": {
        "app_protocol": "HTTP1",
        "bind_address": "172.23.0.9:0",
        "endorsement": {
          "authority": "Service"
        },
        "http_configuration": {
          "max_body_size": "1048576",
          "max_header_size": "16384",
          "max_headers_count": 256
        },
        "max_open_sessions_hard": 1010,
        "max_open_sessions_soft": 1000,
        "protocol": "tcp",
        "published_address": "172.23.0.9:0"
      }
    }
  },
  "node_certificate": {
    "subject_name": "CN=CCF Node",
    "subject_alt_names": [],
    "curve_id": "Secp384R1",
    "initial_validity_days": 1
  },
  "node_data_json_file": null,
  "attestation": {
    "snp_endorsements_servers": [],
    "environment": {
      "security_context_directory": null
    }
  },
  "service_data_json_file": null,
  "command": {
    "type": "Join",
    "service_certificate_file": "service_cert.pem",
    "start": {
      "members": [],
      "constitution_files": [
        "actions.js",
        "validate.js",
        "resolve.js",
        "apply.js"
      ],
      "service_configuration": {
        "recovery_threshold": 0,
        "maximum_node_certificate_validity_days": 365,
        "maximum_service_certificate_validity_days": 365
      },
      "initial_service_certificate_validity_days": 1
    },
    "join": {
      "retry_timeout": "1s",
      "target_rpc_address": "172.23.0.8:38523",
      "follow_redirect": true
    },
    "recover": {
      "initial_service_certificate_validity_days": 1,
      "previous_service_identity_file": ""
    }
  },
  "ledger": {
    "directory": "0.ledger.current",
    "read_only_directories": [
      "0.ledger.committed"
    ],
    "chunk_size": "5MB"
  },
  "snapshots": {
    "directory": "1.snapshots",
    "tx_count": 10000,
    "read_only_directory": null
  },
  "logging": {
    "host_level": "Info",
    "format": "Text"
  },
  "consensus": {
    "message_timeout": "100ms",
    "election_timeout": "4000ms"
  },
  "ledger_signatures": {
    "tx_count": 5000,
    "delay": "100ms"
  },
  "jwt": {
    "key_refresh_interval": "1800s"
  },
  "output_files": {
    "node_certificate_file": "1.pem",
    "pid_file": "node.pid",
    "node_to_node_address_file": "1.node_address",
    "rpc_addresses_file": "1.rpc_addresses"
  },
  "tick_interval": "1ms",
  "slow_io_logging_threshold": "10ms",
  "client_connection_timeout": "2s",
  "node_client_interface": null,
  "worker_threads": 10,
  "memory": {
    "circuit_size": "4MB",
    "max_msg_size": "16MB",
    "max_fragment_size": "64KB"
  },
  "ignore_first_sigterm": false
}
2023-08-11T08:56:06.215089Z        100 [info ] ../src/host/main.cpp:193             | Environment: {
  "ASAN_OPTIONS": "alloc_dealloc_mismatch=0",
  "DBUS_SESSION_BUS_ADDRESS": "unix:path=/run/user/1000/bus",
  "HOME": "/home/azureuser",
  "LANG": "C.UTF-8",
  "LOGNAME": "azureuser",
  "MOTD_SHOWN": "pam",
  "OLDPWD": "/home/azureuser",
  "PATH": "/usr/local/sbin:/usr/local/bin:/usr/sbin:/usr/bin:/sbin:/bin:/usr/games:/usr/local/games:/snap/bin",
  "PWD": "/home/azureuser/eddy/write_50/pi_basic_mt_virtual_cft^_1",
  "SHELL": "/bin/bash",
  "SHLVL": "1",
  "SSH_CLIENT": "172.23.0.7 38828 22",
  "SSH_CONNECTION": "172.23.0.7 38828 172.23.0.9 22",
  "SSH_TTY": "/dev/pts/0",
  "TERM": "vt100",
  "TSAN_OPTIONS": "",
  "UBSAN_OPTIONS": "print_stacktrace=1",
  "USER": "azureuser",
  "XDG_RUNTIME_DIR": "/run/user/1000",
  "XDG_SESSION_CLASS": "user",
  "XDG_SESSION_ID": "63",
  "XDG_SESSION_TYPE": "tty",
  "_": "./cchost"
}

2023-08-11T08:56:06.221570Z        100 [info ] ../src/host/ledger.h:1018            | Recovering read-only ledger directory "0.ledger.committed"
2023-08-11T08:56:06.221619Z        100 [info ] ../src/host/ledger.h:1066            | Recovering main ledger directory "0.ledger.current"
2023-08-11T08:56:06.221658Z        100 [info ] ../src/host/ledger.h:1160            | Recovered ledger entries up to 2, committed to 0
2023-08-11T08:56:06.221747Z        100 [info ] ../src/host/socket.h:45              | TCP Node Server listening on 172.23.0.9:45197
2023-08-11T08:56:06.221775Z        100 [info ] ../src/host/main.cpp:409             | Registering RPC interface primary_rpc_interface, on tcp 172.23.0.9:0
2023-08-11T08:56:06.221786Z        100 [info ] ../src/host/socket.h:45              | TCP RPC Client listening on 172.23.0.9:44637
2023-08-11T08:56:06.221791Z        100 [info ] ../src/host/main.cpp:423             | Registered RPC interface primary_rpc_interface, on tcp 172.23.0.9:44637
2023-08-11T08:56:06.221814Z        100 [info ] ../src/host/main.cpp:520             | Startup host time: 2023-08-11 08:56:06
2023-08-11T08:56:06.221818Z        100 [info ] ../src/host/main.cpp:576             | Creating new node - join existing network at 172.23.0.8:38523
2023-08-11T08:56:06.221841Z        100 [info ] ../src/host/main.cpp:627             | No snapshot found: Node will replay all historical transactions
2023-08-11T08:56:06.221844Z        100 [info ] ../src/host/main.cpp:637             | Initialising enclave: enclave_create_node
2023-08-11T08:56:06.322015Z        0   [debug] ../src/enclave/main.cpp:56           | All sanity check tests passed
2023-08-11T08:56:06.322056Z        0   [info ] ../src/enclave/rpc_sessions.h:246    | Setting max open sessions on interface "primary_rpc_interface" (172.23.0.9:44637) to [1000, 1010] and endorsement authority to Service
2023-08-11T08:56:06.322066Z        0   [info ] ../src/node/node_state.h:1822        | Node TLS connections now accepted
2023-08-11T08:56:06.322332Z        0   [info ] ../src/node/node_state.h:547         | Created join node n[a6cedcb236fa9a17b542257675e1be2d06601aa8f38a42f8336b6a77c3c8b6eb]
2023-08-11T08:56:06.322395Z        100 [info ] ../src/host/main.cpp:675             | Created new node
2023-08-11T08:56:06.322443Z        100 [info ] ../src/host/main.cpp:679             | Output self-signed node certificate to 1.pem
2023-08-11T08:56:06.322448Z        100 [info ] ../src/host/main.cpp:711             | Starting enclave thread(s)
2023-08-11T08:56:06.322749Z        100 [info ] ../src/host/main.cpp:719             | Entering event loop
2023-08-11T08:56:06.322768Z        100 [info ] ../src/host/load_monitor.h:84        | {"end_time_ms":1691744166322,"ringbuffer_messages":{"AdminMessage::log_msg":{"bytes":565,"count":4},"tls::tls_connect":{"bytes":39,"count":1}},"start_time_ms":1691744166221}
2023-08-11T08:56:06.322775Z        100 [info ] ../src/host/load_monitor.h:91        | {"end_time_ms":1691744166322,"ringbuffer_messages":{},"start_time_ms":1691744166221}
2023-08-11T08:56:06.322780Z        0   [info ] ../src/enclave/main.cpp:351          | Starting thread: 0
2023-08-11T08:56:06.322784Z        1   [info ] ../src/enclave/main.cpp:351          | Starting thread: 1
2023-08-11T08:56:06.322788Z        2   [info ] ../src/enclave/main.cpp:351          | Starting thread: 2
2023-08-11T08:56:06.322791Z        3   [info ] ../src/enclave/main.cpp:351          | Starting thread: 3
2023-08-11T08:56:06.322794Z        4   [info ] ../src/enclave/main.cpp:351          | Starting thread: 4
2023-08-11T08:56:06.323904Z        5   [info ] ../src/enclave/main.cpp:351          | Starting thread: 5
2023-08-11T08:56:06.323920Z        6   [info ] ../src/enclave/main.cpp:351          | Starting thread: 6
2023-08-11T08:56:06.323924Z        7   [info ] ../src/enclave/main.cpp:351          | Starting thread: 7
2023-08-11T08:56:06.323927Z        8   [info ] ../src/enclave/main.cpp:351          | Starting thread: 8
2023-08-11T08:56:06.323930Z        9   [info ] ../src/enclave/main.cpp:351          | Starting thread: 9
2023-08-11T08:56:06.323933Z        2   [info ] ../src/enclave/main.cpp:357          | All threads are ready!
2023-08-11T08:56:06.323941Z        5   [info ] ../src/enclave/main.cpp:357          | All threads are ready!
2023-08-11T08:56:06.323945Z        7   [info ] ../src/enclave/main.cpp:357          | All threads are ready!
2023-08-11T08:56:06.323948Z        3   [info ] ../src/enclave/main.cpp:357          | All threads are ready!
2023-08-11T08:56:06.323951Z        4   [info ] ../src/enclave/main.cpp:357          | All threads are ready!
2023-08-11T08:56:06.323954Z        8   [info ] ../src/enclave/main.cpp:357          | All threads are ready!
2023-08-11T08:56:06.323957Z        6   [info ] ../src/enclave/main.cpp:357          | All threads are ready!
2023-08-11T08:56:06.323961Z        9   [info ] ../src/enclave/main.cpp:357          | All threads are ready!
2023-08-11T08:56:06.323964Z        1   [info ] ../src/enclave/main.cpp:357          | All threads are ready!
2023-08-11T08:56:06.323967Z        0   [info ] ../src/enclave/main.cpp:357          | All threads are ready!
2023-08-11T08:56:06.323970Z        10  [info ] ../src/enclave/main.cpp:351          | Starting thread: 10
2023-08-11T08:56:06.323973Z        10  [info ] ../src/enclave/main.cpp:357          | All threads are ready!
2023-08-11T08:56:06.324027Z        100 [info ] ../src/host/socket.h:49              | TCP RPC Client connected
2023-08-11T08:56:06.324871Z        100 [info ] ../src/host/socket.h:49              | TCP RPC Client connected
2023-08-11T08:56:06.335871Z        100 [info ] ../src/host/ledger.h:1230            | Set last known/commit seqno to 0, recovery seqno to 0
2023-08-11T08:56:06.335881Z -0.002 6   [info ] ../src/consensus/aft/raft.h:1846     | Becoming follower n[a6cedcb236fa9a17b542257675e1be2d06601aa8f38a42f8336b6a77c3c8b6eb]: 0.0
2023-08-11T08:56:06.335887Z -0.002 6   [info ] ../src/node/node_state.h:769         | Node has now joined the network as node n[a6cedcb236fa9a17b542257675e1be2d06601aa8f38a42f8336b6a77c3c8b6eb]: all domains
2023-08-11T08:56:06.346768Z -0.002 0   [info ] ../src/node/channels.h:793           | Node channel with n[2dbeeb9f3334c61ffd8c393abba71f3ab32131bf100efbf961941c44d1133786] is now established.
2023-08-11T08:56:06.346776Z -0.002 0   [info ] ../src/consensus/aft/raft.h:1846     | Becoming follower n[a6cedcb236fa9a17b542257675e1be2d06601aa8f38a42f8336b6a77c3c8b6eb]: 2.0
2023-08-11T08:56:06.365868Z -0.003 0   [info ] ../src/consensus/aft/raft.h:2297     | Added raft node n[2dbeeb9f3334c61ffd8c393abba71f3ab32131bf100efbf961941c44d1133786] (172.23.0.8:35035)
2023-08-11T08:56:06.367033Z        100 [info ] ../src/host/ledger.h:1358            | Found divergent ledger entry at 3
2023-08-11T08:56:06.464772Z -0.002 0   [info ] ../src/consensus/aft/raft.h:463      | Election timer has become active
2023-08-11T08:56:06.564753Z -0.003 0   [info ] ../src/node/node_state.h:1836        | Network TLS connections now accepted
2023-08-11T08:56:06.822871Z        100 [info ] ../src/host/load_monitor.h:84        | {"end_time_ms":1691744166822,"ringbuffer_messages":{"AdminMessage::log_msg":{"bytes":3034,"count":29},"AdminMessage::work_stats":{"bytes":25074,"count":472},"ccf::node_outbound":{"bytes":2275,"count":7},"consensus::ledger_append":{"bytes":64289,"count":4},"consensus::ledger_commit":{"bytes":16,"count":2},"consensus::ledger_init":{"bytes":16,"count":1},"consensus::ledger_truncate":{"bytes":18,"count":2},"tls::tls_closed":{"bytes":16,"count":2},"tls::tls_connect":{"bytes":39,"count":1},"tls::tls_outbound":{"bytes":5912,"count":8},"tls::tls_stop":{"bytes":60,"count":2}},"start_time_ms":1691744166322}
2023-08-11T08:56:06.822901Z        100 [info ] ../src/host/load_monitor.h:91        | {"end_time_ms":1691744166822,"ringbuffer_messages":{"AdminMessage::tick":{"bytes":0,"count":471},"ccf::node_inbound":{"bytes":66486,"count":8},"tls::tls_close":{"bytes":16,"count":2},"tls::tls_inbound":{"bytes":9284,"count":8}},"start_time_ms":1691744166322}
2023-08-11T08:56:07.323252Z        100 [info ] ../src/host/load_monitor.h:84        | {"end_time_ms":1691744167323,"ringbuffer_messages":{"AdminMessage::work_stats":{"bytes":24712,"count":471},"ccf::node_outbound":{"bytes":1005,"count":5}},"start_time_ms":1691744166822}
2023-08-11T08:56:07.323287Z        100 [info ] ../src/host/load_monitor.h:91        | {"end_time_ms":1691744167323,"ringbuffer_messages":{"AdminMessage::tick":{"bytes":0,"count":471},"ccf::node_inbound":{"bytes":805,"count":5}},"start_time_ms":1691744166822}
2023-08-11T08:56:07.822701Z        100 [info ] ../src/host/load_monitor.h:84        | {"end_time_ms":1691744167822,"ringbuffer_messages":{"AdminMessage::work_stats":{"bytes":24764,"count":472},"ccf::node_outbound":{"bytes":1005,"count":5}},"start_time_ms":1691744167323}
2023-08-11T08:56:07.822728Z        100 [info ] ../src/host/load_monitor.h:91        | {"end_time_ms":1691744167822,"ringbuffer_messages":{"AdminMessage::tick":{"bytes":0,"count":472},"ccf::node_inbound":{"bytes":805,"count":5}},"start_time_ms":1691744167323}
2023-08-11T08:56:08.322485Z        100 [info ] ../src/host/load_monitor.h:84        | {"end_time_ms":1691744168322,"ringbuffer_messages":{"AdminMessage::work_stats":{"bytes":24963,"count":471},"ccf::node_outbound":{"bytes":1005,"count":5},"tls::tls_closed":{"bytes":8,"count":1},"tls::tls_outbound":{"bytes":1804,"count":5}},"start_time_ms":1691744167822}
2023-08-11T08:56:08.322512Z        100 [info ] ../src/host/load_monitor.h:91        | {"end_time_ms":1691744168322,"ringbuffer_messages":{"AdminMessage::tick":{"bytes":0,"count":471},"ccf::node_inbound":{"bytes":805,"count":5},"tls::tls_close":{"bytes":8,"count":1},"tls::tls_inbound":{"bytes":1357,"count":4},"tls::tls_start":{"bytes":37,"count":1}},"start_time_ms":1691744167822}
2023-08-11T08:56:08.822848Z        100 [info ] ../src/host/load_monitor.h:84        | {"end_time_ms":1691744168822,"ringbuffer_messages":{"AdminMessage::work_stats":{"bytes":24712,"count":471},"ccf::node_outbound":{"bytes":1005,"count":5}},"start_time_ms":1691744168322}
2023-08-11T08:56:08.822874Z        100 [info ] ../src/host/load_monitor.h:91        | {"end_time_ms":1691744168822,"ringbuffer_messages":{"AdminMessage::tick":{"bytes":0,"count":471},"ccf::node_inbound":{"bytes":805,"count":5}},"start_time_ms":1691744168322}
2023-08-11T08:56:09.323354Z        100 [info ] ../src/host/load_monitor.h:84        | {"end_time_ms":1691744169323,"ringbuffer_messages":{"AdminMessage::work_stats":{"bytes":24764,"count":472},"ccf::node_outbound":{"bytes":1005,"count":5}},"start_time_ms":1691744168822}
2023-08-11T08:56:09.323373Z        100 [info ] ../src/host/load_monitor.h:91        | {"end_time_ms":1691744169323,"ringbuffer_messages":{"AdminMessage::tick":{"bytes":0,"count":472},"ccf::node_inbound":{"bytes":805,"count":5}},"start_time_ms":1691744168822}
2023-08-11T08:56:09.563213Z -0.003 0   [info ] ../src/consensus/aft/raft.h:2297     | Added raft node n[e28181bd5990f8ff5549dfdf8886a29d7d3710a22e0360f742dee166577c69f8] (172.23.0.10:35887)
2023-08-11T08:56:09.822727Z        100 [info ] ../src/host/load_monitor.h:84        | {"end_time_ms":1691744169822,"ringbuffer_messages":{"AdminMessage::log_msg":{"bytes":176,"count":1},"AdminMessage::work_stats":{"bytes":24662,"count":470},"ccf::associate_node_address":{"bytes":104,"count":1},"ccf::node_outbound":{"bytes":1005,"count":5},"consensus::ledger_append":{"bytes":4690,"count":2},"consensus::ledger_commit":{"bytes":8,"count":1}},"start_time_ms":1691744169323}
2023-08-11T08:56:09.822747Z        100 [info ] ../src/host/load_monitor.h:91        | {"end_time_ms":1691744169822,"ringbuffer_messages":{"AdminMessage::tick":{"bytes":0,"count":470},"ccf::node_inbound":{"bytes":5493,"count":5}},"start_time_ms":1691744169323}
2023-08-11T08:56:10.323425Z        100 [info ] ../src/host/load_monitor.h:84        | {"end_time_ms":1691744170323,"ringbuffer_messages":{"AdminMessage::work_stats":{"bytes":24712,"count":471},"ccf::node_outbound":{"bytes":1005,"count":5}},"start_time_ms":1691744169822}
2023-08-11T08:56:10.323444Z        100 [info ] ../src/host/load_monitor.h:91        | {"end_time_ms":1691744170323,"ringbuffer_messages":{"AdminMessage::tick":{"bytes":0,"count":471},"ccf::node_inbound":{"bytes":805,"count":5}},"start_time_ms":1691744169822}
2023-08-11T08:56:10.824264Z        100 [info ] ../src/host/load_monitor.h:84        | {"end_time_ms":1691744170824,"ringbuffer_messages":{"AdminMessage::work_stats":{"bytes":24816,"count":473},"ccf::node_outbound":{"bytes":1005,"count":5}},"start_time_ms":1691744170323}
2023-08-11T08:56:10.824283Z        100 [info ] ../src/host/load_monitor.h:91        | {"end_time_ms":1691744170824,"ringbuffer_messages":{"AdminMessage::tick":{"bytes":0,"count":473},"ccf::node_inbound":{"bytes":805,"count":5}},"start_time_ms":1691744170323}
2023-08-11T08:56:11.324050Z        100 [info ] ../src/host/load_monitor.h:84        | {"end_time_ms":1691744171324,"ringbuffer_messages":{"AdminMessage::work_stats":{"bytes":24868,"count":474},"ccf::node_outbound":{"bytes":1005,"count":5}},"start_time_ms":1691744170824}
2023-08-11T08:56:11.324071Z        100 [info ] ../src/host/load_monitor.h:91        | {"end_time_ms":1691744171324,"ringbuffer_messages":{"AdminMessage::tick":{"bytes":0,"count":474},"ccf::node_inbound":{"bytes":805,"count":5}},"start_time_ms":1691744170824}
2023-08-11T08:56:11.823807Z        100 [info ] ../src/host/load_monitor.h:84        | {"end_time_ms":1691744171823,"ringbuffer_messages":{"AdminMessage::work_stats":{"bytes":26204,"count":472},"ccf::node_outbound":{"bytes":5115,"count":9},"consensus::ledger_append":{"bytes":18106,"count":11},"consensus::ledger_commit":{"bytes":8,"count":1},"tls::tls_closed":{"bytes":32,"count":4},"tls::tls_outbound":{"bytes":9965,"count":26}},"start_time_ms":1691744171324}
2023-08-11T08:56:11.823824Z        100 [info ] ../src/host/load_monitor.h:91        | {"end_time_ms":1691744171823,"ringbuffer_messages":{"AdminMessage::tick":{"bytes":0,"count":472},"ccf::node_inbound":{"bytes":20503,"count":9},"tls::tls_close":{"bytes":32,"count":4},"tls::tls_inbound":{"bytes":9897,"count":22},"tls::tls_start":{"bytes":185,"count":5}},"start_time_ms":1691744171324}
2023-08-11T08:56:11.864616Z        100 [info ] ../src/host/ledger.h:1241            | Ledger complete recovery
2023-08-11T08:56:11.864624Z -0.003 0   [info ] ../src/node/node_state.h:2296        | Service open at seqno 16
2023-08-11T08:56:12.323883Z        100 [info ] ../src/host/load_monitor.h:84        | {"end_time_ms":1691744172323,"ringbuffer_messages":{"AdminMessage::log_msg":{"bytes":94,"count":1},"AdminMessage::work_stats":{"bytes":25347,"count":474},"OversizedMessage::fragment":{"bytes":67091,"count":2},"ccf::node_outbound":{"bytes":1206,"count":6},"consensus::ledger_append":{"bytes":70568,"count":4},"consensus::ledger_commit":{"bytes":24,"count":3},"consensus::ledger_open":{"bytes":0,"count":1},"tls::tls_closed":{"bytes":16,"count":2},"tls::tls_outbound":{"bytes":2095,"count":7}},"start_time_ms":1691744171823}
2023-08-11T08:56:12.323902Z        100 [info ] ../src/host/load_monitor.h:91        | {"end_time_ms":1691744172323,"ringbuffer_messages":{"AdminMessage::tick":{"bytes":0,"count":474},"OversizedMessage::fragment":{"bytes":67251,"count":2},"ccf::node_inbound":{"bytes":71530,"count":6},"tls::tls_close":{"bytes":16,"count":2},"tls::tls_inbound":{"bytes":1766,"count":6},"tls::tls_start":{"bytes":37,"count":1}},"start_time_ms":1691744171823}
2023-08-11T08:56:12.823732Z        100 [info ] ../src/host/load_monitor.h:84        | {"end_time_ms":1691744172823,"ringbuffer_messages":{"AdminMessage::work_stats":{"bytes":24972,"count":476},"ccf::node_outbound":{"bytes":1005,"count":5}},"start_time_ms":1691744172323}
2023-08-11T08:56:12.823747Z        100 [info ] ../src/host/load_monitor.h:91        | {"end_time_ms":1691744172823,"ringbuffer_messages":{"AdminMessage::tick":{"bytes":0,"count":476},"ccf::node_inbound":{"bytes":805,"count":5}},"start_time_ms":1691744172323}
2023-08-11T08:56:13.324427Z        100 [info ] ../src/host/load_monitor.h:84        | {"end_time_ms":1691744173324,"ringbuffer_messages":{"AdminMessage::work_stats":{"bytes":24816,"count":473},"ccf::node_outbound":{"bytes":1005,"count":5}},"start_time_ms":1691744172823}
2023-08-11T08:56:13.324443Z        100 [info ] ../src/host/load_monitor.h:91        | {"end_time_ms":1691744173324,"ringbuffer_messages":{"AdminMessage::tick":{"bytes":0,"count":473},"ccf::node_inbound":{"bytes":805,"count":5}},"start_time_ms":1691744172823}
2023-08-11T08:56:13.825218Z        100 [info ] ../src/host/load_monitor.h:84        | {"end_time_ms":1691744173825,"ringbuffer_messages":{"AdminMessage::work_stats":{"bytes":24764,"count":472},"ccf::node_outbound":{"bytes":1005,"count":5}},"start_time_ms":1691744173324}
2023-08-11T08:56:13.825235Z        100 [info ] ../src/host/load_monitor.h:91        | {"end_time_ms":1691744173825,"ringbuffer_messages":{"AdminMessage::tick":{"bytes":0,"count":472},"ccf::node_inbound":{"bytes":805,"count":5}},"start_time_ms":1691744173324}
2023-08-11T08:56:14.324886Z        100 [info ] ../src/host/load_monitor.h:84        | {"end_time_ms":1691744174324,"ringbuffer_messages":{"AdminMessage::work_stats":{"bytes":24712,"count":471},"ccf::node_outbound":{"bytes":1005,"count":5}},"start_time_ms":1691744173825}
2023-08-11T08:56:14.324905Z        100 [info ] ../src/host/load_monitor.h:91        | {"end_time_ms":1691744174324,"ringbuffer_messages":{"AdminMessage::tick":{"bytes":0,"count":471},"ccf::node_inbound":{"bytes":805,"count":5}},"start_time_ms":1691744173825}
2023-08-11T08:56:14.824576Z        100 [info ] ../src/host/load_monitor.h:84        | {"end_time_ms":1691744174824,"ringbuffer_messages":{"AdminMessage::work_stats":{"bytes":24816,"count":473},"ccf::node_outbound":{"bytes":1005,"count":5}},"start_time_ms":1691744174324}
2023-08-11T08:56:14.824589Z        100 [info ] ../src/host/load_monitor.h:91        | {"end_time_ms":1691744174824,"ringbuffer_messages":{"AdminMessage::tick":{"bytes":0,"count":473},"ccf::node_inbound":{"bytes":805,"count":5}},"start_time_ms":1691744174324}
2023-08-11T08:56:15.324623Z        100 [info ] ../src/host/load_monitor.h:84        | {"end_time_ms":1691744175324,"ringbuffer_messages":{"AdminMessage::work_stats":{"bytes":24920,"count":475},"ccf::node_outbound":{"bytes":1005,"count":5}},"start_time_ms":1691744174824}
2023-08-11T08:56:15.324636Z        100 [info ] ../src/host/load_monitor.h:91        | {"end_time_ms":1691744175324,"ringbuffer_messages":{"AdminMessage::tick":{"bytes":0,"count":475},"ccf::node_inbound":{"bytes":805,"count":5}},"start_time_ms":1691744174824}
2023-08-11T08:56:15.825361Z        100 [info ] ../src/host/load_monitor.h:84        | {"end_time_ms":1691744175825,"ringbuffer_messages":{"AdminMessage::work_stats":{"bytes":24868,"count":474},"ccf::node_outbound":{"bytes":1005,"count":5}},"start_time_ms":1691744175324}
2023-08-11T08:56:15.825374Z        100 [info ] ../src/host/load_monitor.h:91        | {"end_time_ms":1691744175825,"ringbuffer_messages":{"AdminMessage::tick":{"bytes":0,"count":474},"ccf::node_inbound":{"bytes":805,"count":5}},"start_time_ms":1691744175324}
2023-08-11T08:56:16.324916Z        100 [info ] ../src/host/load_monitor.h:84        | {"end_time_ms":1691744176324,"ringbuffer_messages":{"AdminMessage::work_stats":{"bytes":24608,"count":469},"ccf::node_outbound":{"bytes":1005,"count":5}},"start_time_ms":1691744175825}
2023-08-11T08:56:16.324935Z        100 [info ] ../src/host/load_monitor.h:91        | {"end_time_ms":1691744176324,"ringbuffer_messages":{"AdminMessage::tick":{"bytes":0,"count":469},"ccf::node_inbound":{"bytes":805,"count":5}},"start_time_ms":1691744175825}
2023-08-11T08:56:16.824515Z        100 [info ] ../src/host/load_monitor.h:84        | {"end_time_ms":1691744176824,"ringbuffer_messages":{"AdminMessage::work_stats":{"bytes":24868,"count":474},"ccf::node_outbound":{"bytes":1005,"count":5}},"start_time_ms":1691744176324}
2023-08-11T08:56:16.824529Z        100 [info ] ../src/host/load_monitor.h:91        | {"end_time_ms":1691744176824,"ringbuffer_messages":{"AdminMessage::tick":{"bytes":0,"count":474},"ccf::node_inbound":{"bytes":805,"count":5}},"start_time_ms":1691744176324}
2023-08-11T08:56:17.324921Z        100 [info ] ../src/host/load_monitor.h:84        | {"end_time_ms":1691744177324,"ringbuffer_messages":{"AdminMessage::work_stats":{"bytes":24712,"count":471},"ccf::node_outbound":{"bytes":1005,"count":5}},"start_time_ms":1691744176824}
2023-08-11T08:56:17.324948Z        100 [info ] ../src/host/load_monitor.h:91        | {"end_time_ms":1691744177324,"ringbuffer_messages":{"AdminMessage::tick":{"bytes":0,"count":471},"ccf::node_inbound":{"bytes":805,"count":5}},"start_time_ms":1691744176824}
2023-08-11T08:56:17.825392Z        100 [info ] ../src/host/load_monitor.h:84        | {"end_time_ms":1691744177825,"ringbuffer_messages":{"AdminMessage::work_stats":{"bytes":24920,"count":475},"ccf::node_outbound":{"bytes":1005,"count":5}},"start_time_ms":1691744177324}
2023-08-11T08:56:17.825410Z        100 [info ] ../src/host/load_monitor.h:91        | {"end_time_ms":1691744177825,"ringbuffer_messages":{"AdminMessage::tick":{"bytes":0,"count":475},"ccf::node_inbound":{"bytes":805,"count":5}},"start_time_ms":1691744177324}
2023-08-11T08:56:18.325989Z        100 [info ] ../src/host/load_monitor.h:84        | {"end_time_ms":1691744178325,"ringbuffer_messages":{"AdminMessage::work_stats":{"bytes":24504,"count":467},"ccf::node_outbound":{"bytes":1005,"count":5}},"start_time_ms":1691744177825}
2023-08-11T08:56:18.326019Z        100 [info ] ../src/host/load_monitor.h:91        | {"end_time_ms":1691744178325,"ringbuffer_messages":{"AdminMessage::tick":{"bytes":0,"count":467},"ccf::node_inbound":{"bytes":805,"count":5}},"start_time_ms":1691744177825}
2023-08-11T08:56:18.825514Z        100 [info ] ../src/host/load_monitor.h:84        | {"end_time_ms":1691744178825,"ringbuffer_messages":{"AdminMessage::work_stats":{"bytes":24816,"count":473},"ccf::node_outbound":{"bytes":1005,"count":5}},"start_time_ms":1691744178325}
2023-08-11T08:56:18.825526Z        100 [info ] ../src/host/load_monitor.h:91        | {"end_time_ms":1691744178825,"ringbuffer_messages":{"AdminMessage::tick":{"bytes":0,"count":473},"ccf::node_inbound":{"bytes":805,"count":5}},"start_time_ms":1691744178325}
2023-08-11T08:56:19.326214Z        100 [info ] ../src/host/load_monitor.h:84        | {"end_time_ms":1691744179326,"ringbuffer_messages":{"AdminMessage::work_stats":{"bytes":24868,"count":474},"ccf::node_outbound":{"bytes":1005,"count":5}},"start_time_ms":1691744178825}
2023-08-11T08:56:19.326231Z        100 [info ] ../src/host/load_monitor.h:91        | {"end_time_ms":1691744179326,"ringbuffer_messages":{"AdminMessage::tick":{"bytes":0,"count":474},"ccf::node_inbound":{"bytes":805,"count":5}},"start_time_ms":1691744178825}
2023-08-11T08:56:19.825681Z        100 [info ] ../src/host/load_monitor.h:84        | {"end_time_ms":1691744179825,"ringbuffer_messages":{"AdminMessage::work_stats":{"bytes":24712,"count":471},"ccf::node_outbound":{"bytes":1005,"count":5}},"start_time_ms":1691744179326}
2023-08-11T08:56:19.825696Z        100 [info ] ../src/host/load_monitor.h:91        | {"end_time_ms":1691744179825,"ringbuffer_messages":{"AdminMessage::tick":{"bytes":0,"count":471},"ccf::node_inbound":{"bytes":805,"count":5}},"start_time_ms":1691744179326}
2023-08-11T08:56:20.326338Z        100 [info ] ../src/host/load_monitor.h:84        | {"end_time_ms":1691744180326,"ringbuffer_messages":{"AdminMessage::work_stats":{"bytes":24816,"count":473},"ccf::node_outbound":{"bytes":1005,"count":5}},"start_time_ms":1691744179825}
2023-08-11T08:56:20.326350Z        100 [info ] ../src/host/load_monitor.h:91        | {"end_time_ms":1691744180326,"ringbuffer_messages":{"AdminMessage::tick":{"bytes":0,"count":473},"ccf::node_inbound":{"bytes":805,"count":5}},"start_time_ms":1691744179825}
2023-08-11T08:56:20.826365Z        100 [info ] ../src/host/load_monitor.h:84        | {"end_time_ms":1691744180826,"ringbuffer_messages":{"AdminMessage::work_stats":{"bytes":24712,"count":471},"ccf::node_outbound":{"bytes":1005,"count":5}},"start_time_ms":1691744180326}
2023-08-11T08:56:20.826375Z        100 [info ] ../src/host/load_monitor.h:91        | {"end_time_ms":1691744180826,"ringbuffer_messages":{"AdminMessage::tick":{"bytes":0,"count":471},"ccf::node_inbound":{"bytes":805,"count":5}},"start_time_ms":1691744180326}
2023-08-11T08:56:21.325806Z        100 [info ] ../src/host/load_monitor.h:84        | {"end_time_ms":1691744181325,"ringbuffer_messages":{"AdminMessage::work_stats":{"bytes":24660,"count":470},"ccf::node_outbound":{"bytes":1005,"count":5}},"start_time_ms":1691744180826}
2023-08-11T08:56:21.325829Z        100 [info ] ../src/host/load_monitor.h:91        | {"end_time_ms":1691744181325,"ringbuffer_messages":{"AdminMessage::tick":{"bytes":0,"count":470},"ccf::node_inbound":{"bytes":805,"count":5}},"start_time_ms":1691744180826}
2023-08-11T08:56:21.826279Z        100 [info ] ../src/host/load_monitor.h:84        | {"end_time_ms":1691744181826,"ringbuffer_messages":{"AdminMessage::work_stats":{"bytes":24816,"count":473},"ccf::node_outbound":{"bytes":1005,"count":5}},"start_time_ms":1691744181325}
2023-08-11T08:56:21.826296Z        100 [info ] ../src/host/load_monitor.h:91        | {"end_time_ms":1691744181826,"ringbuffer_messages":{"AdminMessage::tick":{"bytes":0,"count":473},"ccf::node_inbound":{"bytes":805,"count":5}},"start_time_ms":1691744181325}
2023-08-11T08:56:22.326425Z        100 [info ] ../src/host/load_monitor.h:84        | {"end_time_ms":1691744182326,"ringbuffer_messages":{"AdminMessage::work_stats":{"bytes":24712,"count":471},"ccf::node_outbound":{"bytes":1005,"count":5}},"start_time_ms":1691744181826}
2023-08-11T08:56:22.326443Z        100 [info ] ../src/host/load_monitor.h:91        | {"end_time_ms":1691744182326,"ringbuffer_messages":{"AdminMessage::tick":{"bytes":0,"count":471},"ccf::node_inbound":{"bytes":805,"count":5}},"start_time_ms":1691744181826}
2023-08-11T08:56:22.826802Z        100 [info ] ../src/host/load_monitor.h:84        | {"end_time_ms":1691744182826,"ringbuffer_messages":{"AdminMessage::work_stats":{"bytes":24712,"count":471},"ccf::node_outbound":{"bytes":1005,"count":5}},"start_time_ms":1691744182326}
2023-08-11T08:56:22.826823Z        100 [info ] ../src/host/load_monitor.h:91        | {"end_time_ms":1691744182826,"ringbuffer_messages":{"AdminMessage::tick":{"bytes":0,"count":471},"ccf::node_inbound":{"bytes":805,"count":5}},"start_time_ms":1691744182326}
2023-08-11T08:56:23.327041Z        100 [info ] ../src/host/load_monitor.h:84        | {"end_time_ms":1691744183327,"ringbuffer_messages":{"AdminMessage::work_stats":{"bytes":24608,"count":469},"ccf::node_outbound":{"bytes":1005,"count":5}},"start_time_ms":1691744182826}
2023-08-11T08:56:23.327071Z        100 [info ] ../src/host/load_monitor.h:91        | {"end_time_ms":1691744183327,"ringbuffer_messages":{"AdminMessage::tick":{"bytes":0,"count":469},"ccf::node_inbound":{"bytes":805,"count":5}},"start_time_ms":1691744182826}
2023-08-11T08:56:23.826434Z        100 [info ] ../src/host/load_monitor.h:84        | {"end_time_ms":1691744183826,"ringbuffer_messages":{"AdminMessage::work_stats":{"bytes":24816,"count":473},"ccf::node_outbound":{"bytes":1005,"count":5}},"start_time_ms":1691744183327}
2023-08-11T08:56:23.826449Z        100 [info ] ../src/host/load_monitor.h:91        | {"end_time_ms":1691744183826,"ringbuffer_messages":{"AdminMessage::tick":{"bytes":0,"count":473},"ccf::node_inbound":{"bytes":805,"count":5}},"start_time_ms":1691744183327}
2023-08-11T08:56:24.327157Z        100 [info ] ../src/host/load_monitor.h:84        | {"end_time_ms":1691744184327,"ringbuffer_messages":{"AdminMessage::work_stats":{"bytes":24712,"count":471},"ccf::node_outbound":{"bytes":1005,"count":5}},"start_time_ms":1691744183826}
2023-08-11T08:56:24.327172Z        100 [info ] ../src/host/load_monitor.h:91        | {"end_time_ms":1691744184327,"ringbuffer_messages":{"AdminMessage::tick":{"bytes":0,"count":471},"ccf::node_inbound":{"bytes":805,"count":5}},"start_time_ms":1691744183826}
2023-08-11T08:56:24.826417Z        100 [info ] ../src/host/load_monitor.h:84        | {"end_time_ms":1691744184826,"ringbuffer_messages":{"AdminMessage::work_stats":{"bytes":29121,"count":474},"OversizedMessage::fragment":{"bytes":161717,"count":3},"ccf::node_outbound":{"bytes":52461,"count":261},"consensus::ledger_append":{"bytes":1709363,"count":6376},"consensus::ledger_commit":{"bytes":8,"count":1},"tls::tls_outbound":{"bytes":228322,"count":1405}},"start_time_ms":1691744184327}
2023-08-11T08:56:24.826438Z        100 [info ] ../src/host/load_monitor.h:91        | {"end_time_ms":1691744184826,"ringbuffer_messages":{"AdminMessage::tick":{"bytes":0,"count":474},"OversizedMessage::fragment":{"bytes":172629,"count":3},"ccf::node_inbound":{"bytes":1745008,"count":261},"tls::tls_inbound":{"bytes":224059,"count":188},"tls::tls_start":{"bytes":111,"count":3}},"start_time_ms":1691744184327}
2023-08-11T08:56:25.326755Z        100 [info ] ../src/host/load_monitor.h:84        | {"end_time_ms":1691744185326,"ringbuffer_messages":{"AdminMessage::work_stats":{"bytes":66126,"count":498},"OversizedMessage::fragment":{"bytes":2937316,"count":50},"ccf::node_outbound":{"bytes":280395,"count":1395},"consensus::ledger_append":{"bytes":16968691,"count":58506},"consensus::ledger_commit":{"bytes":104,"count":13},"tls::tls_outbound":{"bytes":9946542,"count":61746}},"start_time_ms":1691744184826}
2023-08-11T08:56:25.326776Z        100 [info ] ../src/host/load_monitor.h:91        | {"end_time_ms":1691744185326,"ringbuffer_messages":{"AdminMessage::tick":{"bytes":0,"count":498},"OversizedMessage::fragment":{"bytes":3038475,"count":52},"ccf::node_inbound":{"bytes":17105552,"count":1393},"tls::tls_inbound":{"bytes":6454201,"count":7051},"tls::tls_start":{"bytes":111,"count":3}},"start_time_ms":1691744184826}
2023-08-11T08:56:25.826847Z        100 [info ] ../src/host/load_monitor.h:84        | {"end_time_ms":1691744185826,"ringbuffer_messages":{"AdminMessage::work_stats":{"bytes":65425,"count":499},"OversizedMessage::fragment":{"bytes":4309537,"count":74},"ccf::node_outbound":{"bytes":284214,"count":1414},"consensus::ledger_append":{"bytes":18474564,"count":59066},"consensus::ledger_commit":{"bytes":128,"count":16},"tls::tls_outbound":{"bytes":9371907,"count":58077}},"start_time_ms":1691744185326}
2023-08-11T08:56:25.826867Z        100 [info ] ../src/host/load_monitor.h:91        | {"end_time_ms":1691744185826,"ringbuffer_messages":{"AdminMessage::tick":{"bytes":0,"count":499},"OversizedMessage::fragment":{"bytes":4420994,"count":79},"ccf::node_inbound":{"bytes":18650557,"count":1414},"tls::tls_inbound":{"bytes":5597752,"count":6200}},"start_time_ms":1691744185326}
2023-08-11T08:56:26.326638Z        100 [info ] ../src/host/load_monitor.h:84        | {"end_time_ms":1691744186326,"ringbuffer_messages":{"AdminMessage::work_stats":{"bytes":65131,"count":494},"OversizedMessage::fragment":{"bytes":3828385,"count":64},"ccf::node_outbound":{"bytes":287832,"count":1432},"consensus::ledger_append":{"bytes":18208771,"count":59962},"consensus::ledger_commit":{"bytes":120,"count":15},"tls::tls_outbound":{"bytes":9568368,"count":59064}},"start_time_ms":1691744185826}
2023-08-11T08:56:26.326658Z        100 [info ] ../src/host/load_monitor.h:91        | {"end_time_ms":1691744186326,"ringbuffer_messages":{"AdminMessage::tick":{"bytes":0,"count":494},"OversizedMessage::fragment":{"bytes":3940000,"count":69},"ccf::node_inbound":{"bytes":18361208,"count":1432},"tls::tls_inbound":{"bytes":5760133,"count":7418}},"start_time_ms":1691744185826}
2023-08-11T08:56:26.826467Z        100 [info ] ../src/host/load_monitor.h:84        | {"end_time_ms":1691744186826,"ringbuffer_messages":{"AdminMessage::work_stats":{"bytes":63366,"count":489},"OversizedMessage::fragment":{"bytes":3983851,"count":69},"ccf::node_outbound":{"bytes":281400,"count":1400},"consensus::ledger_append":{"bytes":18021071,"count":58534},"consensus::ledger_commit":{"bytes":120,"count":15},"tls::tls_outbound":{"bytes":9547146,"count":58933}},"start_time_ms":1691744186326}
2023-08-11T08:56:26.826490Z        100 [info ] ../src/host/load_monitor.h:91        | {"end_time_ms":1691744186826,"ringbuffer_messages":{"AdminMessage::tick":{"bytes":0,"count":489},"OversizedMessage::fragment":{"bytes":4096015,"count":74},"ccf::node_inbound":{"bytes":18188417,"count":1400},"tls::tls_inbound":{"bytes":5700843,"count":7252}},"start_time_ms":1691744186326}
2023-08-11T08:56:27.326397Z        100 [info ] ../src/host/load_monitor.h:84        | {"end_time_ms":1691744187326,"ringbuffer_messages":{"AdminMessage::work_stats":{"bytes":64424,"count":492},"OversizedMessage::fragment":{"bytes":3563176,"count":62},"ccf::node_outbound":{"bytes":279591,"count":1391},"consensus::ledger_append":{"bytes":17491025,"count":58077},"consensus::ledger_commit":{"bytes":128,"count":16},"tls::tls_outbound":{"bytes":9419490,"count":58145}},"start_time_ms":1691744186826}
2023-08-11T08:56:27.326422Z        100 [info ] ../src/host/load_monitor.h:91        | {"end_time_ms":1691744187326,"ringbuffer_messages":{"AdminMessage::tick":{"bytes":0,"count":492},"OversizedMessage::fragment":{"bytes":3672544,"count":65},"ccf::node_inbound":{"bytes":17696395,"count":1393},"tls::tls_inbound":{"bytes":5573052,"count":6318}},"start_time_ms":1691744186826}
2023-08-11T08:56:27.826720Z        100 [info ] ../src/host/load_monitor.h:84        | {"end_time_ms":1691744187826,"ringbuffer_messages":{"AdminMessage::work_stats":{"bytes":64264,"count":490},"OversizedMessage::fragment":{"bytes":4691890,"count":78},"ccf::node_outbound":{"bytes":285822,"count":1422},"consensus::ledger_append":{"bytes":18933421,"count":59387},"consensus::ledger_commit":{"bytes":120,"count":15},"tls::tls_outbound":{"bytes":8775054,"count":54167}},"start_time_ms":1691744187326}
2023-08-11T08:56:27.826742Z        100 [info ] ../src/host/load_monitor.h:91        | {"end_time_ms":1691744187826,"ringbuffer_messages":{"AdminMessage::tick":{"bytes":0,"count":490},"OversizedMessage::fragment":{"bytes":4805417,"count":83},"ccf::node_inbound":{"bytes":19092463,"count":1422},"tls::tls_inbound":{"bytes":5283146,"count":6115}},"start_time_ms":1691744187326}
2023-08-11T08:56:28.327105Z        100 [info ] ../src/host/load_monitor.h:84        | {"end_time_ms":1691744188327,"ringbuffer_messages":{"AdminMessage::work_stats":{"bytes":62759,"count":482},"OversizedMessage::fragment":{"bytes":3668298,"count":61},"ccf::node_outbound":{"bytes":285420,"count":1420},"consensus::ledger_append":{"bytes":17951113,"count":59554},"consensus::ledger_commit":{"bytes":120,"count":15},"tls::tls_outbound":{"bytes":8516988,"count":52574}},"start_time_ms":1691744187826}
2023-08-11T08:56:28.327125Z        100 [info ] ../src/host/load_monitor.h:91        | {"end_time_ms":1691744188327,"ringbuffer_messages":{"AdminMessage::tick":{"bytes":0,"count":482},"OversizedMessage::fragment":{"bytes":3778811,"count":66},"ccf::node_inbound":{"bytes":18115642,"count":1420},"tls::tls_inbound":{"bytes":5096573,"count":6229}},"start_time_ms":1691744187826}
2023-08-11T08:56:28.826690Z        100 [info ] ../src/host/load_monitor.h:84        | {"end_time_ms":1691744188826,"ringbuffer_messages":{"AdminMessage::work_stats":{"bytes":63286,"count":484},"OversizedMessage::fragment":{"bytes":4162956,"count":70},"ccf::node_outbound":{"bytes":284415,"count":1415},"consensus::ledger_append":{"bytes":18350759,"count":59160},"consensus::ledger_commit":{"bytes":120,"count":15},"tls::tls_outbound":{"bytes":8496576,"count":52448}},"start_time_ms":1691744188327}
2023-08-11T08:56:28.826710Z        100 [info ] ../src/host/load_monitor.h:91        | {"end_time_ms":1691744188826,"ringbuffer_messages":{"AdminMessage::tick":{"bytes":0,"count":484},"OversizedMessage::fragment":{"bytes":4273850,"count":75},"ccf::node_inbound":{"bytes":18500695,"count":1413},"tls::tls_inbound":{"bytes":5084709,"count":6214}},"start_time_ms":1691744188327}
2023-08-11T08:56:29.327279Z        100 [info ] ../src/host/load_monitor.h:84        | {"end_time_ms":1691744189327,"ringbuffer_messages":{"AdminMessage::work_stats":{"bytes":61548,"count":478},"OversizedMessage::fragment":{"bytes":3824521,"count":64},"ccf::node_outbound":{"bytes":287028,"count":1428},"consensus::ledger_append":{"bytes":18148322,"count":59726},"consensus::ledger_commit":{"bytes":120,"count":15},"tls::tls_outbound":{"bytes":8145036,"count":50278}},"start_time_ms":1691744188826}
2023-08-11T08:56:29.327303Z        100 [info ] ../src/host/load_monitor.h:91        | {"end_time_ms":1691744189327,"ringbuffer_messages":{"AdminMessage::tick":{"bytes":0,"count":478},"OversizedMessage::fragment":{"bytes":3924175,"count":68},"ccf::node_inbound":{"bytes":18348927,"count":1430},"tls::tls_inbound":{"bytes":4822220,"count":5730}},"start_time_ms":1691744188826}
2023-08-11T08:56:29.826738Z        100 [info ] ../src/host/load_monitor.h:84        | {"end_time_ms":1691744189826,"ringbuffer_messages":{"AdminMessage::work_stats":{"bytes":62627,"count":472},"OversizedMessage::fragment":{"bytes":4932549,"count":83},"ccf::node_outbound":{"bytes":291048,"count":1448},"consensus::ledger_append":{"bytes":19452962,"count":60551},"consensus::ledger_commit":{"bytes":136,"count":17},"tls::tls_outbound":{"bytes":8383824,"count":51752}},"start_time_ms":1691744189327}
2023-08-11T08:56:29.826759Z        100 [info ] ../src/host/load_monitor.h:91        | {"end_time_ms":1691744189826,"ringbuffer_messages":{"AdminMessage::tick":{"bytes":0,"count":472},"OversizedMessage::fragment":{"bytes":5054597,"count":89},"ccf::node_inbound":{"bytes":19628885,"count":1448},"tls::tls_inbound":{"bytes":5063494,"count":5878}},"start_time_ms":1691744189327}
2023-08-11T08:56:30.326403Z        100 [info ] ../src/host/load_monitor.h:84        | {"end_time_ms":1691744190326,"ringbuffer_messages":{"AdminMessage::work_stats":{"bytes":62653,"count":479},"OversizedMessage::fragment":{"bytes":3609026,"count":60},"ccf::node_outbound":{"bytes":283209,"count":1409},"consensus::ledger_append":{"bytes":17770078,"count":59047},"consensus::ledger_commit":{"bytes":112,"count":14},"tls::tls_outbound":{"bytes":8598312,"count":53076}},"start_time_ms":1691744189826}
2023-08-11T08:56:30.326425Z        100 [info ] ../src/host/load_monitor.h:91        | {"end_time_ms":1691744190326,"ringbuffer_messages":{"AdminMessage::tick":{"bytes":0,"count":479},"OversizedMessage::fragment":{"bytes":3709228,"count":64},"ccf::node_inbound":{"bytes":17887780,"count":1405},"tls::tls_inbound":{"bytes":5046044,"count":5634}},"start_time_ms":1691744189826}
2023-08-11T08:56:30.826421Z        100 [info ] ../src/host/load_monitor.h:84        | {"end_time_ms":1691744190826,"ringbuffer_messages":{"AdminMessage::work_stats":{"bytes":63336,"count":484},"OversizedMessage::fragment":{"bytes":4349784,"count":71},"ccf::node_outbound":{"bytes":292053,"count":1453},"consensus::ledger_append":{"bytes":18943105,"count":60851},"consensus::ledger_commit":{"bytes":128,"count":16},"tls::tls_outbound":{"bytes":8012844,"count":49462}},"start_time_ms":1691744190326}
2023-08-11T08:56:30.826442Z        100 [info ] ../src/host/load_monitor.h:91        | {"end_time_ms":1691744190826,"ringbuffer_messages":{"AdminMessage::tick":{"bytes":0,"count":484},"OversizedMessage::fragment":{"bytes":4461561,"count":76},"ccf::node_inbound":{"bytes":19155536,"count":1457},"tls::tls_inbound":{"bytes":4799223,"count":5596}},"start_time_ms":1691744190326}
2023-08-11T08:56:31.326618Z        100 [info ] ../src/host/load_monitor.h:84        | {"end_time_ms":1691744191326,"ringbuffer_messages":{"AdminMessage::work_stats":{"bytes":63257,"count":486},"OversizedMessage::fragment":{"bytes":4159548,"count":68},"ccf::node_outbound":{"bytes":298083,"count":1483},"consensus::ledger_append":{"bytes":19024985,"count":61985},"consensus::ledger_commit":{"bytes":120,"count":15},"tls::tls_outbound":{"bytes":7316406,"count":45163}},"start_time_ms":1691744190826}
2023-08-11T08:56:31.326639Z        100 [info ] ../src/host/load_monitor.h:91        | {"end_time_ms":1691744191326,"ringbuffer_messages":{"AdminMessage::tick":{"bytes":0,"count":486},"OversizedMessage::fragment":{"bytes":4271321,"count":73},"ccf::node_inbound":{"bytes":19192122,"count":1481},"tls::tls_inbound":{"bytes":4428202,"count":5301}},"start_time_ms":1691744190826}
2023-08-11T08:56:31.826649Z        100 [info ] ../src/host/load_monitor.h:84        | {"end_time_ms":1691744191826,"ringbuffer_messages":{"AdminMessage::work_stats":{"bytes":63336,"count":489},"OversizedMessage::fragment":{"bytes":3778661,"count":62},"ccf::node_outbound":{"bytes":296676,"count":1476},"consensus::ledger_append":{"bytes":18594377,"count":61776},"consensus::ledger_commit":{"bytes":128,"count":16},"tls::tls_outbound":{"bytes":7942698,"count":49029}},"start_time_ms":1691744191326}
2023-08-11T08:56:31.826688Z        100 [info ] ../src/host/load_monitor.h:91        | {"end_time_ms":1691744191826,"ringbuffer_messages":{"AdminMessage::tick":{"bytes":0,"count":489},"OversizedMessage::fragment":{"bytes":3890986,"count":67},"ccf::node_inbound":{"bytes":18790629,"count":1478},"tls::tls_inbound":{"bytes":4713013,"count":5625}},"start_time_ms":1691744191326}
2023-08-11T08:56:32.326420Z        100 [info ] ../src/host/load_monitor.h:84        | {"end_time_ms":1691744192326,"ringbuffer_messages":{"AdminMessage::work_stats":{"bytes":62931,"count":490},"OversizedMessage::fragment":{"bytes":3818229,"count":63},"ccf::node_outbound":{"bytes":296073,"count":1473},"consensus::ledger_append":{"bytes":18606019,"count":61660},"consensus::ledger_commit":{"bytes":120,"count":15},"tls::tls_outbound":{"bytes":7677180,"count":47390}},"start_time_ms":1691744191826}
2023-08-11T08:56:32.326444Z        100 [info ] ../src/host/load_monitor.h:91        | {"end_time_ms":1691744192326,"ringbuffer_messages":{"AdminMessage::tick":{"bytes":0,"count":490},"OversizedMessage::fragment":{"bytes":3929372,"count":68},"ccf::node_inbound":{"bytes":18781512,"count":1473},"tls::tls_inbound":{"bytes":4627759,"count":5427}},"start_time_ms":1691744191826}
2023-08-11T08:56:32.826422Z        100 [info ] ../src/host/load_monitor.h:84        | {"end_time_ms":1691744192826,"ringbuffer_messages":{"AdminMessage::work_stats":{"bytes":63621,"count":490},"OversizedMessage::fragment":{"bytes":3284835,"count":58},"ccf::node_outbound":{"bytes":296676,"count":1476},"consensus::ledger_append":{"bytes":18129847,"count":61901},"consensus::ledger_commit":{"bytes":128,"count":16},"tls::tls_outbound":{"bytes":7487316,"count":46218}},"start_time_ms":1691744192326}
2023-08-11T08:56:32.826445Z        100 [info ] ../src/host/load_monitor.h:91        | {"end_time_ms":1691744192826,"ringbuffer_messages":{"AdminMessage::tick":{"bytes":0,"count":490},"OversizedMessage::fragment":{"bytes":3408456,"count":59},"ccf::node_inbound":{"bytes":18299847,"count":1476},"tls::tls_inbound":{"bytes":4467837,"count":5127}},"start_time_ms":1691744192326}
2023-08-11T08:56:33.326649Z        100 [info ] ../src/host/load_monitor.h:84        | {"end_time_ms":1691744193326,"ringbuffer_messages":{"AdminMessage::work_stats":{"bytes":62845,"count":488},"OversizedMessage::fragment":{"bytes":2956144,"count":53},"ccf::node_outbound":{"bytes":296676,"count":1476},"consensus::ledger_append":{"bytes":17781315,"count":61817},"consensus::ledger_commit":{"bytes":120,"count":15},"tls::tls_outbound":{"bytes":7132920,"count":43910}},"start_time_ms":1691744192826}
2023-08-11T08:56:33.326669Z        100 [info ] ../src/host/load_monitor.h:91        | {"end_time_ms":1691744193326,"ringbuffer_messages":{"AdminMessage::tick":{"bytes":0,"count":488},"OversizedMessage::fragment":{"bytes":3067402,"count":53},"ccf::node_inbound":{"bytes":17947341,"count":1476},"tls::tls_inbound":{"bytes":4267539,"count":5247}},"start_time_ms":1691744192826}
2023-08-11T08:56:33.826408Z        100 [info ] ../src/host/load_monitor.h:84        | {"end_time_ms":1691744193826,"ringbuffer_messages":{"AdminMessage::work_stats":{"bytes":64047,"count":489},"OversizedMessage::fragment":{"bytes":3657116,"count":61},"ccf::node_outbound":{"bytes":297480,"count":1480},"consensus::ledger_append":{"bytes":18522367,"count":61984},"consensus::ledger_commit":{"bytes":120,"count":15},"tls::tls_outbound":{"bytes":8075183,"count":49541}},"start_time_ms":1691744193326}
2023-08-11T08:56:33.826430Z        100 [info ] ../src/host/load_monitor.h:91        | {"end_time_ms":1691744193826,"ringbuffer_messages":{"AdminMessage::tick":{"bytes":0,"count":489},"OversizedMessage::fragment":{"bytes":3758357,"count":64},"ccf::node_inbound":{"bytes":18667441,"count":1476},"tls::tls_inbound":{"bytes":4771615,"count":5773}},"start_time_ms":1691744193326}
2023-08-11T08:56:34.326691Z        100 [info ] ../src/host/load_monitor.h:84        | {"end_time_ms":1691744194326,"ringbuffer_messages":{"AdminMessage::work_stats":{"bytes":62445,"count":483},"OversizedMessage::fragment":{"bytes":3813380,"count":66},"ccf::node_outbound":{"bytes":295068,"count":1468},"consensus::ledger_append":{"bytes":18552932,"count":61461},"consensus::ledger_commit":{"bytes":120,"count":15},"tls::tls_outbound":{"bytes":8241280,"count":50560}},"start_time_ms":1691744193826}
2023-08-11T08:56:34.326723Z        100 [info ] ../src/host/load_monitor.h:91        | {"end_time_ms":1691744194326,"ringbuffer_messages":{"AdminMessage::tick":{"bytes":0,"count":483},"OversizedMessage::fragment":{"bytes":3925799,"count":70},"ccf::node_inbound":{"bytes":18748688,"count":1470},"tls::tls_inbound":{"bytes":4889047,"count":5865}},"start_time_ms":1691744193826}
2023-08-11T08:56:34.827383Z        100 [info ] ../src/host/load_monitor.h:84        | {"end_time_ms":1691744194827,"ringbuffer_messages":{"AdminMessage::work_stats":{"bytes":59264,"count":472},"OversizedMessage::fragment":{"bytes":2926708,"count":48},"ccf::node_outbound":{"bytes":235170,"count":1170},"consensus::ledger_append":{"bytes":14745434,"count":49010},"consensus::ledger_commit":{"bytes":112,"count":14},"tls::tls_outbound":{"bytes":10976257,"count":67339}},"start_time_ms":1691744194326}
2023-08-11T08:56:34.827408Z        100 [info ] ../src/host/load_monitor.h:91        | {"end_time_ms":1691744194827,"ringbuffer_messages":{"AdminMessage::tick":{"bytes":0,"count":472},"OversizedMessage::fragment":{"bytes":3015370,"count":52},"ccf::node_inbound":{"bytes":14910675,"count":1172},"tls::tls_inbound":{"bytes":5942956,"count":6260}},"start_time_ms":1691744194326}
2023-08-11T08:56:35.327361Z        100 [info ] ../src/host/load_monitor.h:84        | {"end_time_ms":1691744195327,"ringbuffer_messages":{"AdminMessage::work_stats":{"bytes":46015,"count":471},"OversizedMessage::fragment":{"bytes":75056,"count":2},"ccf::node_outbound":{"bytes":1206,"count":6},"consensus::ledger_append":{"bytes":83152,"count":28},"consensus::ledger_commit":{"bytes":16,"count":2},"tls::tls_outbound":{"bytes":19571084,"count":120068}},"start_time_ms":1691744194827}
2023-08-11T08:56:35.327395Z        100 [info ] ../src/host/load_monitor.h:91        | {"end_time_ms":1691744195327,"ringbuffer_messages":{"AdminMessage::tick":{"bytes":0,"count":471},"OversizedMessage::fragment":{"bytes":75216,"count":2},"ccf::node_inbound":{"bytes":84090,"count":6},"tls::tls_inbound":{"bytes":11631903,"count":11356}},"start_time_ms":1691744194827}
2023-08-11T08:56:35.826877Z        100 [info ] ../src/host/load_monitor.h:84        | {"end_time_ms":1691744195826,"ringbuffer_messages":{"AdminMessage::work_stats":{"bytes":30866,"count":495},"ccf::node_outbound":{"bytes":1206,"count":6},"tls::tls_closed":{"bytes":48,"count":6},"tls::tls_outbound":{"bytes":3207677,"count":19679},"tls::tls_stop":{"bytes":180,"count":6}},"start_time_ms":1691744195327}
2023-08-11T08:56:35.826909Z        100 [info ] ../src/host/load_monitor.h:91        | {"end_time_ms":1691744195826,"ringbuffer_messages":{"AdminMessage::tick":{"bytes":0,"count":495},"ccf::node_inbound":{"bytes":966,"count":6},"tls::tls_close":{"bytes":96,"count":12},"tls::tls_inbound":{"bytes":1901661,"count":2036}},"start_time_ms":1691744195327}
2023-08-11T08:56:36.326556Z        100 [info ] ../src/host/load_monitor.h:84        | {"end_time_ms":1691744196326,"ringbuffer_messages":{"AdminMessage::work_stats":{"bytes":24484,"count":470},"ccf::node_outbound":{"bytes":201,"count":1}},"start_time_ms":1691744195826}
2023-08-11T08:56:36.326570Z        100 [info ] ../src/host/load_monitor.h:91        | {"end_time_ms":1691744196326,"ringbuffer_messages":{"AdminMessage::tick":{"bytes":0,"count":470},"ccf::node_inbound":{"bytes":161,"count":1}},"start_time_ms":1691744195826}
2023-08-11T08:56:36.388174Z        100 [info ] ../src/host/sig_term.h:39            | Hangup: Shutting down enclave gracefully...
2023-08-11T08:56:36.389268Z -0.002 0   [info ] ../src/enclave/enclave.h:473         | Enclave stopped successfully. Stopping host...
2023-08-11T08:56:36.389284Z        100 [info ] ../src/host/handle_ring_buffer.h:100 | Host stopped successfully
2023-08-11T08:56:36.389299Z        100 [info ] ../src/host/main.cpp:721             | Exited event loop
2023-08-11T08:56:36.389421Z        100 [info ] ../src/host/main.cpp:739             | Ran an extra 1 cleanup iteration(s)
