2023-08-11T10:15:13.800993Z        100 [info ] ../src/host/main.cpp:176             | CCF version: ccf-4.0.0-187-gad7f64d81
2023-08-11T10:15:13.801040Z        100 [info ] ../src/host/main.cpp:184             | Configuration file 1.config.json:
{
  "enclave": {
    "file": "./libbasic.enclave.so.signed",
    "type": "Release",
    "platform": "SGX"
  },
  "network": {
    "node_to_node_interface": {
      "bind_address": "172.23.0.9:0",
      "published_address": ""
    },
    "rpc_interfaces": {
      "primary_rpc_interface": {
        "app_protocol": "HTTP1",
        "bind_address": "172.23.0.9:0",
        "endorsement": {
          "authority": "Service"
        },
        "http_configuration": {
          "max_body_size": "1048576",
          "max_header_size": "16384",
          "max_headers_count": 256
        },
        "max_open_sessions_hard": 1010,
        "max_open_sessions_soft": 1000,
        "protocol": "tcp",
        "published_address": "172.23.0.9:0"
      }
    }
  },
  "node_certificate": {
    "subject_name": "CN=CCF Node",
    "subject_alt_names": [],
    "curve_id": "Secp384R1",
    "initial_validity_days": 1
  },
  "node_data_json_file": null,
  "attestation": {
    "snp_endorsements_servers": [],
    "environment": {
      "security_context_directory": null
    }
  },
  "service_data_json_file": null,
  "command": {
    "type": "Join",
    "service_certificate_file": "service_cert.pem",
    "start": {
      "members": [],
      "constitution_files": [
        "actions.js",
        "validate.js",
        "resolve.js",
        "apply.js"
      ],
      "service_configuration": {
        "recovery_threshold": 0,
        "maximum_node_certificate_validity_days": 365,
        "maximum_service_certificate_validity_days": 365
      },
      "initial_service_certificate_validity_days": 1
    },
    "join": {
      "retry_timeout": "1s",
      "target_rpc_address": "172.23.0.8:42999",
      "follow_redirect": true
    },
    "recover": {
      "initial_service_certificate_validity_days": 1,
      "previous_service_identity_file": ""
    }
  },
  "ledger": {
    "directory": "0.ledger.current",
    "read_only_directories": [
      "0.ledger.committed"
    ],
    "chunk_size": "5MB"
  },
  "snapshots": {
    "directory": "1.snapshots",
    "tx_count": 10000,
    "read_only_directory": null
  },
  "logging": {
    "host_level": "Info",
    "format": "Text"
  },
  "consensus": {
    "message_timeout": "100ms",
    "election_timeout": "4000ms"
  },
  "ledger_signatures": {
    "tx_count": 5000,
    "delay": "100ms"
  },
  "jwt": {
    "key_refresh_interval": "1800s"
  },
  "output_files": {
    "node_certificate_file": "1.pem",
    "pid_file": "node.pid",
    "node_to_node_address_file": "1.node_address",
    "rpc_addresses_file": "1.rpc_addresses"
  },
  "tick_interval": "1ms",
  "slow_io_logging_threshold": "10ms",
  "client_connection_timeout": "2s",
  "node_client_interface": null,
  "worker_threads": 10,
  "memory": {
    "circuit_size": "4MB",
    "max_msg_size": "16MB",
    "max_fragment_size": "64KB"
  },
  "ignore_first_sigterm": false
}
2023-08-11T10:15:13.801064Z        100 [info ] ../src/host/main.cpp:193             | Environment: {
  "DBUS_SESSION_BUS_ADDRESS": "unix:path=/run/user/1000/bus",
  "HOME": "/home/azureuser",
  "LANG": "C.UTF-8",
  "LOGNAME": "azureuser",
  "MOTD_SHOWN": "pam",
  "OLDPWD": "/home/azureuser",
  "PATH": "/usr/local/sbin:/usr/local/bin:/usr/sbin:/usr/bin:/sbin:/bin:/usr/games:/usr/local/games:/snap/bin",
  "PWD": "/home/azureuser/eddy/write_50_sgx/pi_basic_mt_sgx_cft^_1",
  "SHELL": "/bin/bash",
  "SHLVL": "1",
  "SSH_CLIENT": "172.23.0.7 60236 22",
  "SSH_CONNECTION": "172.23.0.7 60236 172.23.0.9 22",
  "SSH_TTY": "/dev/pts/0",
  "TERM": "vt100",
  "USER": "azureuser",
  "XDG_RUNTIME_DIR": "/run/user/1000",
  "XDG_SESSION_CLASS": "user",
  "XDG_SESSION_ID": "95",
  "XDG_SESSION_TYPE": "tty",
  "_": "./cchost"
}

2023-08-11T10:15:14.768963Z        100 [info ] ../src/host/ledger.h:1018            | Recovering read-only ledger directory "0.ledger.committed"
2023-08-11T10:15:14.769011Z        100 [info ] ../src/host/ledger.h:1066            | Recovering main ledger directory "0.ledger.current"
2023-08-11T10:15:14.769062Z        100 [info ] ../src/host/ledger.h:1160            | Recovered ledger entries up to 2, committed to 0
2023-08-11T10:15:14.769163Z        100 [info ] ../src/host/socket.h:45              | TCP Node Server listening on 172.23.0.9:34409
2023-08-11T10:15:14.769194Z        100 [info ] ../src/host/main.cpp:409             | Registering RPC interface primary_rpc_interface, on tcp 172.23.0.9:0
2023-08-11T10:15:14.769205Z        100 [info ] ../src/host/socket.h:45              | TCP RPC Client listening on 172.23.0.9:45141
2023-08-11T10:15:14.769211Z        100 [info ] ../src/host/main.cpp:423             | Registered RPC interface primary_rpc_interface, on tcp 172.23.0.9:45141
2023-08-11T10:15:14.769234Z        100 [info ] ../src/host/main.cpp:520             | Startup host time: 2023-08-11 10:15:14
2023-08-11T10:15:14.769238Z        100 [info ] ../src/host/main.cpp:576             | Creating new node - join existing network at 172.23.0.8:42999
2023-08-11T10:15:14.769253Z        100 [info ] ../src/host/main.cpp:627             | No snapshot found: Node will replay all historical transactions
2023-08-11T10:15:14.769256Z        100 [info ] ../src/host/main.cpp:637             | Initialising enclave: enclave_create_node
2023-08-11T10:15:14.869423Z        0   [info ] ../src/enclave/rpc_sessions.h:246    | Setting max open sessions on interface "primary_rpc_interface" (172.23.0.9:45141) to [1000, 1010] and endorsement authority to Service
2023-08-11T10:15:14.869467Z        0   [info ] ../src/node/node_state.h:1822        | Node TLS connections now accepted
2023-08-11T10:15:14.970849Z        0   [info ] ../src/node/node_state.h:547         | Created join node n[d6892182dec67fbf4869f5511c012a7f1ceff138063f4109676ad1604d7cf197]
2023-08-11T10:15:14.971027Z        100 [info ] ../src/host/main.cpp:675             | Created new node
2023-08-11T10:15:14.971082Z        100 [info ] ../src/host/main.cpp:679             | Output self-signed node certificate to 1.pem
2023-08-11T10:15:14.971087Z        100 [info ] ../src/host/main.cpp:711             | Starting enclave thread(s)
2023-08-11T10:15:14.971437Z        100 [info ] ../src/host/main.cpp:719             | Entering event loop
2023-08-11T10:15:14.971459Z        100 [info ] ../src/host/load_monitor.h:84        | {"end_time_ms":1691748914971,"ringbuffer_messages":{"AdminMessage::log_msg":{"bytes":467,"count":3},"tls::tls_connect":{"bytes":39,"count":1}},"start_time_ms":1691748914768}
2023-08-11T10:15:14.971466Z        100 [info ] ../src/host/load_monitor.h:91        | {"end_time_ms":1691748914971,"ringbuffer_messages":{},"start_time_ms":1691748914768}
2023-08-11T10:15:14.971472Z        0   [info ] ../src/enclave/main.cpp:351          | Starting thread: 0
2023-08-11T10:15:14.972569Z        1   [info ] ../src/enclave/main.cpp:351          | Starting thread: 1
2023-08-11T10:15:14.972574Z        2   [info ] ../src/enclave/main.cpp:351          | Starting thread: 2
2023-08-11T10:15:14.972578Z        3   [info ] ../src/enclave/main.cpp:351          | Starting thread: 3
2023-08-11T10:15:14.972581Z        4   [info ] ../src/enclave/main.cpp:351          | Starting thread: 4
2023-08-11T10:15:14.972584Z        5   [info ] ../src/enclave/main.cpp:351          | Starting thread: 5
2023-08-11T10:15:14.972587Z        6   [info ] ../src/enclave/main.cpp:351          | Starting thread: 6
2023-08-11T10:15:14.972591Z        7   [info ] ../src/enclave/main.cpp:351          | Starting thread: 7
2023-08-11T10:15:14.972594Z        8   [info ] ../src/enclave/main.cpp:351          | Starting thread: 8
2023-08-11T10:15:14.972689Z        100 [info ] ../src/host/socket.h:49              | TCP RPC Client connected
2023-08-11T10:15:14.973750Z        9   [info ] ../src/enclave/main.cpp:351          | Starting thread: 9
2023-08-11T10:15:14.973754Z        7   [info ] ../src/enclave/main.cpp:357          | All threads are ready!
2023-08-11T10:15:14.973758Z        0   [info ] ../src/enclave/main.cpp:357          | All threads are ready!
2023-08-11T10:15:14.973766Z        1   [info ] ../src/enclave/main.cpp:357          | All threads are ready!
2023-08-11T10:15:14.973770Z        8   [info ] ../src/enclave/main.cpp:357          | All threads are ready!
2023-08-11T10:15:14.973773Z        6   [info ] ../src/enclave/main.cpp:357          | All threads are ready!
2023-08-11T10:15:14.973776Z        2   [info ] ../src/enclave/main.cpp:357          | All threads are ready!
2023-08-11T10:15:14.973779Z        5   [info ] ../src/enclave/main.cpp:357          | All threads are ready!
2023-08-11T10:15:14.973782Z        4   [info ] ../src/enclave/main.cpp:357          | All threads are ready!
2023-08-11T10:15:14.973785Z        9   [info ] ../src/enclave/main.cpp:357          | All threads are ready!
2023-08-11T10:15:14.973789Z        3   [info ] ../src/enclave/main.cpp:357          | All threads are ready!
2023-08-11T10:15:14.973792Z        10  [info ] ../src/enclave/main.cpp:351          | Starting thread: 10
2023-08-11T10:15:14.973795Z        10  [info ] ../src/enclave/main.cpp:357          | All threads are ready!
2023-08-11T10:15:14.975410Z        100 [info ] ../src/host/socket.h:49              | TCP RPC Client connected
2023-08-11T10:15:15.019700Z        100 [info ] ../src/host/ledger.h:1230            | Set last known/commit seqno to 0, recovery seqno to 0
2023-08-11T10:15:15.019712Z -0.002 6   [info ] ../src/consensus/aft/raft.h:1846     | Becoming follower n[d6892182dec67fbf4869f5511c012a7f1ceff138063f4109676ad1604d7cf197]: 0.0
2023-08-11T10:15:15.019719Z -0.002 6   [info ] ../src/node/node_state.h:769         | Node has now joined the network as node n[d6892182dec67fbf4869f5511c012a7f1ceff138063f4109676ad1604d7cf197]: all domains
2023-08-11T10:15:15.471454Z        100 [info ] ../src/host/load_monitor.h:84        | {"end_time_ms":1691748915471,"ringbuffer_messages":{"AdminMessage::log_msg":{"bytes":2312,"count":24},"AdminMessage::work_stats":{"bytes":24931,"count":472},"consensus::ledger_init":{"bytes":16,"count":1},"consensus::ledger_truncate":{"bytes":9,"count":1},"tls::tls_closed":{"bytes":16,"count":2},"tls::tls_connect":{"bytes":39,"count":1},"tls::tls_outbound":{"bytes":51524,"count":10},"tls::tls_stop":{"bytes":60,"count":2}},"start_time_ms":1691748914971}
2023-08-11T10:15:15.471488Z        100 [info ] ../src/host/load_monitor.h:91        | {"end_time_ms":1691748915471,"ringbuffer_messages":{"AdminMessage::tick":{"bytes":0,"count":471},"ccf::node_inbound":{"bytes":1037,"count":1},"tls::tls_close":{"bytes":16,"count":2},"tls::tls_inbound":{"bytes":9290,"count":8}},"start_time_ms":1691748914971}
2023-08-11T10:15:15.971446Z        100 [info ] ../src/host/load_monitor.h:84        | {"end_time_ms":1691748915971,"ringbuffer_messages":{"AdminMessage::work_stats":{"bytes":24440,"count":470}},"start_time_ms":1691748915471}
2023-08-11T10:15:15.971469Z        100 [info ] ../src/host/load_monitor.h:91        | {"end_time_ms":1691748915971,"ringbuffer_messages":{"AdminMessage::tick":{"bytes":0,"count":470}},"start_time_ms":1691748915471}
2023-08-11T10:15:16.471740Z        100 [info ] ../src/host/load_monitor.h:84        | {"end_time_ms":1691748916471,"ringbuffer_messages":{"AdminMessage::work_stats":{"bytes":25129,"count":474},"tls::tls_stop":{"bytes":155,"count":5}},"start_time_ms":1691748915971}
2023-08-11T10:15:16.471765Z        100 [info ] ../src/host/load_monitor.h:91        | {"end_time_ms":1691748916471,"ringbuffer_messages":{"AdminMessage::tick":{"bytes":0,"count":474},"tls::tls_close":{"bytes":40,"count":5},"tls::tls_inbound":{"bytes":1050,"count":2},"tls::tls_start":{"bytes":185,"count":5}},"start_time_ms":1691748915971}
2023-08-11T10:15:16.971470Z        100 [info ] ../src/host/load_monitor.h:84        | {"end_time_ms":1691748916971,"ringbuffer_messages":{"AdminMessage::work_stats":{"bytes":25077,"count":473},"tls::tls_stop":{"bytes":155,"count":5}},"start_time_ms":1691748916471}
2023-08-11T10:15:16.971486Z        100 [info ] ../src/host/load_monitor.h:91        | {"end_time_ms":1691748916971,"ringbuffer_messages":{"AdminMessage::tick":{"bytes":0,"count":473},"tls::tls_close":{"bytes":40,"count":5},"tls::tls_inbound":{"bytes":1050,"count":2},"tls::tls_start":{"bytes":185,"count":5}},"start_time_ms":1691748916471}
2023-08-11T10:15:17.060778Z -0.004 0   [info ] ../src/node/channels.h:793           | Node channel with n[a1a87f2b8b2d84b2c1766e1c5f6281d3d30843afa058d39b98722537252ed73e] is now established.
2023-08-11T10:15:17.060796Z -0.003 0   [info ] ../src/consensus/aft/raft.h:1846     | Becoming follower n[d6892182dec67fbf4869f5511c012a7f1ceff138063f4109676ad1604d7cf197]: 2.0
2023-08-11T10:15:17.145982Z -0.004 0   [info ] ../src/consensus/aft/raft.h:2297     | Added raft node n[a1a87f2b8b2d84b2c1766e1c5f6281d3d30843afa058d39b98722537252ed73e] (172.23.0.8:43059)
2023-08-11T10:15:17.149292Z        100 [info ] ../src/host/ledger.h:1358            | Found divergent ledger entry at 3
2023-08-11T10:15:17.150367Z -0.009 0   [info ] ../src/consensus/aft/raft.h:463      | Election timer has become active
2023-08-11T10:15:17.242803Z -0.003 0   [info ] ../src/node/node_state.h:1836        | Network TLS connections now accepted
2023-08-11T10:15:17.472160Z        100 [info ] ../src/host/load_monitor.h:84        | {"end_time_ms":1691748917472,"ringbuffer_messages":{"AdminMessage::log_msg":{"bytes":722,"count":5},"AdminMessage::work_stats":{"bytes":25746,"count":477},"OversizedMessage::fragment":{"bytes":80885,"count":2},"ccf::node_outbound":{"bytes":2074,"count":6},"consensus::ledger_append":{"bytes":109827,"count":4},"consensus::ledger_commit":{"bytes":16,"count":2},"consensus::ledger_truncate":{"bytes":9,"count":1},"tls::tls_closed":{"bytes":8,"count":1},"tls::tls_outbound":{"bytes":1807,"count":5},"tls::tls_stop":{"bytes":93,"count":3}},"start_time_ms":1691748916971}
2023-08-11T10:15:17.472177Z        100 [info ] ../src/host/load_monitor.h:91        | {"end_time_ms":1691748917472,"ringbuffer_messages":{"AdminMessage::tick":{"bytes":0,"count":477},"OversizedMessage::fragment":{"bytes":110012,"count":2},"ccf::node_inbound":{"bytes":111866,"count":7},"tls::tls_close":{"bytes":32,"count":4},"tls::tls_inbound":{"bytes":2407,"count":6},"tls::tls_start":{"bytes":148,"count":4}},"start_time_ms":1691748916971}
2023-08-11T10:15:17.971795Z        100 [info ] ../src/host/load_monitor.h:84        | {"end_time_ms":1691748917971,"ringbuffer_messages":{"AdminMessage::work_stats":{"bytes":24712,"count":471},"ccf::node_outbound":{"bytes":1005,"count":5}},"start_time_ms":1691748917472}
2023-08-11T10:15:17.971808Z        100 [info ] ../src/host/load_monitor.h:91        | {"end_time_ms":1691748917971,"ringbuffer_messages":{"AdminMessage::tick":{"bytes":0,"count":471},"ccf::node_inbound":{"bytes":805,"count":5}},"start_time_ms":1691748917472}
2023-08-11T10:15:18.471991Z        100 [info ] ../src/host/load_monitor.h:84        | {"end_time_ms":1691748918471,"ringbuffer_messages":{"AdminMessage::work_stats":{"bytes":24764,"count":472},"ccf::node_outbound":{"bytes":1005,"count":5}},"start_time_ms":1691748917971}
2023-08-11T10:15:18.472005Z        100 [info ] ../src/host/load_monitor.h:91        | {"end_time_ms":1691748918471,"ringbuffer_messages":{"AdminMessage::tick":{"bytes":0,"count":472},"ccf::node_inbound":{"bytes":805,"count":5}},"start_time_ms":1691748917971}
2023-08-11T10:15:18.972239Z        100 [info ] ../src/host/load_monitor.h:84        | {"end_time_ms":1691748918972,"ringbuffer_messages":{"AdminMessage::work_stats":{"bytes":24712,"count":471},"ccf::node_outbound":{"bytes":1005,"count":5}},"start_time_ms":1691748918471}
2023-08-11T10:15:18.972251Z        100 [info ] ../src/host/load_monitor.h:91        | {"end_time_ms":1691748918972,"ringbuffer_messages":{"AdminMessage::tick":{"bytes":0,"count":471},"ccf::node_inbound":{"bytes":805,"count":5}},"start_time_ms":1691748918471}
2023-08-11T10:15:19.471620Z        100 [info ] ../src/host/load_monitor.h:84        | {"end_time_ms":1691748919471,"ringbuffer_messages":{"AdminMessage::work_stats":{"bytes":24816,"count":473},"ccf::node_outbound":{"bytes":1005,"count":5}},"start_time_ms":1691748918972}
2023-08-11T10:15:19.471643Z        100 [info ] ../src/host/load_monitor.h:91        | {"end_time_ms":1691748919471,"ringbuffer_messages":{"AdminMessage::tick":{"bytes":0,"count":473},"ccf::node_inbound":{"bytes":805,"count":5}},"start_time_ms":1691748918972}
2023-08-11T10:15:19.972360Z        100 [info ] ../src/host/load_monitor.h:84        | {"end_time_ms":1691748919972,"ringbuffer_messages":{"AdminMessage::work_stats":{"bytes":24712,"count":471},"ccf::node_outbound":{"bytes":1005,"count":5}},"start_time_ms":1691748919471}
2023-08-11T10:15:19.972396Z        100 [info ] ../src/host/load_monitor.h:91        | {"end_time_ms":1691748919972,"ringbuffer_messages":{"AdminMessage::tick":{"bytes":0,"count":471},"ccf::node_inbound":{"bytes":805,"count":5}},"start_time_ms":1691748919471}
2023-08-11T10:15:20.471824Z        100 [info ] ../src/host/load_monitor.h:84        | {"end_time_ms":1691748920471,"ringbuffer_messages":{"AdminMessage::work_stats":{"bytes":24764,"count":472},"ccf::node_outbound":{"bytes":1005,"count":5}},"start_time_ms":1691748919972}
2023-08-11T10:15:20.471838Z        100 [info ] ../src/host/load_monitor.h:91        | {"end_time_ms":1691748920471,"ringbuffer_messages":{"AdminMessage::tick":{"bytes":0,"count":472},"ccf::node_inbound":{"bytes":805,"count":5}},"start_time_ms":1691748919972}
2023-08-11T10:15:20.755485Z -0.004 0   [info ] ../src/consensus/aft/raft.h:2297     | Added raft node n[faabab14648c54f6158c6ffd1b6cba99fea42eb3aa7957a82a0b7d627aaebf31] (172.23.0.10:34737)
2023-08-11T10:15:20.971841Z        100 [info ] ../src/host/load_monitor.h:84        | {"end_time_ms":1691748920971,"ringbuffer_messages":{"AdminMessage::log_msg":{"bytes":176,"count":1},"AdminMessage::work_stats":{"bytes":24759,"count":471},"ccf::associate_node_address":{"bytes":104,"count":1},"ccf::node_outbound":{"bytes":1206,"count":6},"consensus::ledger_append":{"bytes":27455,"count":2}},"start_time_ms":1691748920471}
2023-08-11T10:15:20.971856Z        100 [info ] ../src/host/load_monitor.h:91        | {"end_time_ms":1691748920971,"ringbuffer_messages":{"AdminMessage::tick":{"bytes":0,"count":471},"ccf::node_inbound":{"bytes":28419,"count":6}},"start_time_ms":1691748920471}
2023-08-11T10:15:21.471617Z        100 [info ] ../src/host/load_monitor.h:84        | {"end_time_ms":1691748921471,"ringbuffer_messages":{"AdminMessage::work_stats":{"bytes":24712,"count":471},"ccf::node_outbound":{"bytes":1005,"count":5},"consensus::ledger_commit":{"bytes":8,"count":1}},"start_time_ms":1691748920971}
2023-08-11T10:15:21.471631Z        100 [info ] ../src/host/load_monitor.h:91        | {"end_time_ms":1691748921471,"ringbuffer_messages":{"AdminMessage::tick":{"bytes":0,"count":471},"ccf::node_inbound":{"bytes":805,"count":5}},"start_time_ms":1691748920971}
2023-08-11T10:15:21.972077Z        100 [info ] ../src/host/load_monitor.h:84        | {"end_time_ms":1691748921972,"ringbuffer_messages":{"AdminMessage::work_stats":{"bytes":26659,"count":472},"ccf::node_outbound":{"bytes":5205,"count":11},"consensus::ledger_append":{"bytes":4558,"count":6},"tls::tls_closed":{"bytes":48,"count":6},"tls::tls_outbound":{"bytes":12784,"count":34}},"start_time_ms":1691748921471}
2023-08-11T10:15:21.972095Z        100 [info ] ../src/host/load_monitor.h:91        | {"end_time_ms":1691748921972,"ringbuffer_messages":{"AdminMessage::tick":{"bytes":0,"count":472},"ccf::node_inbound":{"bytes":6714,"count":10},"tls::tls_close":{"bytes":48,"count":6},"tls::tls_inbound":{"bytes":11632,"count":28},"tls::tls_start":{"bytes":259,"count":7}},"start_time_ms":1691748921471}
2023-08-11T10:15:22.347742Z        100 [info ] ../src/host/ledger.h:1241            | Ledger complete recovery
2023-08-11T10:15:22.347752Z -0.001 0   [info ] ../src/node/node_state.h:2296        | Service open at seqno 18
2023-08-11T10:15:22.471789Z        100 [info ] ../src/host/load_monitor.h:84        | {"end_time_ms":1691748922471,"ringbuffer_messages":{"AdminMessage::log_msg":{"bytes":94,"count":1},"AdminMessage::work_stats":{"bytes":25250,"count":474},"ccf::node_outbound":{"bytes":1206,"count":6},"consensus::ledger_append":{"bytes":18707,"count":9},"consensus::ledger_commit":{"bytes":32,"count":4},"consensus::ledger_open":{"bytes":0,"count":1},"tls::tls_closed":{"bytes":16,"count":2},"tls::tls_outbound":{"bytes":1916,"count":6}},"start_time_ms":1691748921972}
2023-08-11T10:15:22.471809Z        100 [info ] ../src/host/load_monitor.h:91        | {"end_time_ms":1691748922471,"ringbuffer_messages":{"AdminMessage::tick":{"bytes":0,"count":474},"ccf::node_inbound":{"bytes":19871,"count":7},"tls::tls_close":{"bytes":16,"count":2},"tls::tls_inbound":{"bytes":1356,"count":4},"tls::tls_start":{"bytes":37,"count":1}},"start_time_ms":1691748921972}
2023-08-11T10:15:22.972133Z        100 [info ] ../src/host/load_monitor.h:84        | {"end_time_ms":1691748922972,"ringbuffer_messages":{"AdminMessage::work_stats":{"bytes":24814,"count":471},"OversizedMessage::fragment":{"bytes":67091,"count":2},"ccf::node_outbound":{"bytes":1206,"count":6},"consensus::ledger_append":{"bytes":68674,"count":2},"consensus::ledger_commit":{"bytes":16,"count":2}},"start_time_ms":1691748922471}
2023-08-11T10:15:22.972149Z        100 [info ] ../src/host/load_monitor.h:91        | {"end_time_ms":1691748922972,"ringbuffer_messages":{"AdminMessage::tick":{"bytes":0,"count":471},"OversizedMessage::fragment":{"bytes":67251,"count":2},"ccf::node_inbound":{"bytes":69638,"count":6}},"start_time_ms":1691748922471}
2023-08-11T10:15:23.471682Z        100 [info ] ../src/host/load_monitor.h:84        | {"end_time_ms":1691748923471,"ringbuffer_messages":{"AdminMessage::work_stats":{"bytes":24764,"count":472},"ccf::node_outbound":{"bytes":1005,"count":5}},"start_time_ms":1691748922972}
2023-08-11T10:15:23.471702Z        100 [info ] ../src/host/load_monitor.h:91        | {"end_time_ms":1691748923471,"ringbuffer_messages":{"AdminMessage::tick":{"bytes":0,"count":472},"ccf::node_inbound":{"bytes":805,"count":5}},"start_time_ms":1691748922972}
2023-08-11T10:15:23.972291Z        100 [info ] ../src/host/load_monitor.h:84        | {"end_time_ms":1691748923972,"ringbuffer_messages":{"AdminMessage::work_stats":{"bytes":24712,"count":471},"ccf::node_outbound":{"bytes":1005,"count":5}},"start_time_ms":1691748923471}
2023-08-11T10:15:23.972304Z        100 [info ] ../src/host/load_monitor.h:91        | {"end_time_ms":1691748923972,"ringbuffer_messages":{"AdminMessage::tick":{"bytes":0,"count":471},"ccf::node_inbound":{"bytes":805,"count":5}},"start_time_ms":1691748923471}
2023-08-11T10:15:24.472076Z        100 [info ] ../src/host/load_monitor.h:84        | {"end_time_ms":1691748924472,"ringbuffer_messages":{"AdminMessage::work_stats":{"bytes":24712,"count":471},"ccf::node_outbound":{"bytes":1005,"count":5}},"start_time_ms":1691748923972}
2023-08-11T10:15:24.472089Z        100 [info ] ../src/host/load_monitor.h:91        | {"end_time_ms":1691748924472,"ringbuffer_messages":{"AdminMessage::tick":{"bytes":0,"count":471},"ccf::node_inbound":{"bytes":805,"count":5}},"start_time_ms":1691748923972}
2023-08-11T10:15:24.971794Z        100 [info ] ../src/host/load_monitor.h:84        | {"end_time_ms":1691748924971,"ringbuffer_messages":{"AdminMessage::work_stats":{"bytes":24920,"count":475},"ccf::node_outbound":{"bytes":1005,"count":5}},"start_time_ms":1691748924472}
2023-08-11T10:15:24.971808Z        100 [info ] ../src/host/load_monitor.h:91        | {"end_time_ms":1691748924971,"ringbuffer_messages":{"AdminMessage::tick":{"bytes":0,"count":475},"ccf::node_inbound":{"bytes":805,"count":5}},"start_time_ms":1691748924472}
2023-08-11T10:15:25.471608Z        100 [info ] ../src/host/load_monitor.h:84        | {"end_time_ms":1691748925471,"ringbuffer_messages":{"AdminMessage::work_stats":{"bytes":24764,"count":472},"ccf::node_outbound":{"bytes":1005,"count":5}},"start_time_ms":1691748924971}
2023-08-11T10:15:25.471621Z        100 [info ] ../src/host/load_monitor.h:91        | {"end_time_ms":1691748925471,"ringbuffer_messages":{"AdminMessage::tick":{"bytes":0,"count":472},"ccf::node_inbound":{"bytes":805,"count":5}},"start_time_ms":1691748924971}
2023-08-11T10:15:25.972292Z        100 [info ] ../src/host/load_monitor.h:84        | {"end_time_ms":1691748925972,"ringbuffer_messages":{"AdminMessage::work_stats":{"bytes":24712,"count":471},"ccf::node_outbound":{"bytes":1005,"count":5}},"start_time_ms":1691748925471}
2023-08-11T10:15:25.972320Z        100 [info ] ../src/host/load_monitor.h:91        | {"end_time_ms":1691748925972,"ringbuffer_messages":{"AdminMessage::tick":{"bytes":0,"count":471},"ccf::node_inbound":{"bytes":805,"count":5}},"start_time_ms":1691748925471}
2023-08-11T10:15:26.471783Z        100 [info ] ../src/host/load_monitor.h:84        | {"end_time_ms":1691748926471,"ringbuffer_messages":{"AdminMessage::work_stats":{"bytes":24764,"count":472},"ccf::node_outbound":{"bytes":1005,"count":5}},"start_time_ms":1691748925972}
2023-08-11T10:15:26.471806Z        100 [info ] ../src/host/load_monitor.h:91        | {"end_time_ms":1691748926471,"ringbuffer_messages":{"AdminMessage::tick":{"bytes":0,"count":472},"ccf::node_inbound":{"bytes":805,"count":5}},"start_time_ms":1691748925972}
2023-08-11T10:15:26.972276Z        100 [info ] ../src/host/load_monitor.h:84        | {"end_time_ms":1691748926972,"ringbuffer_messages":{"AdminMessage::work_stats":{"bytes":24712,"count":471},"ccf::node_outbound":{"bytes":1005,"count":5}},"start_time_ms":1691748926471}
2023-08-11T10:15:26.972292Z        100 [info ] ../src/host/load_monitor.h:91        | {"end_time_ms":1691748926972,"ringbuffer_messages":{"AdminMessage::tick":{"bytes":0,"count":471},"ccf::node_inbound":{"bytes":805,"count":5}},"start_time_ms":1691748926471}
2023-08-11T10:15:27.471448Z        100 [info ] ../src/host/load_monitor.h:84        | {"end_time_ms":1691748927471,"ringbuffer_messages":{"AdminMessage::work_stats":{"bytes":24712,"count":471},"ccf::node_outbound":{"bytes":1005,"count":5}},"start_time_ms":1691748926972}
2023-08-11T10:15:27.471467Z        100 [info ] ../src/host/load_monitor.h:91        | {"end_time_ms":1691748927471,"ringbuffer_messages":{"AdminMessage::tick":{"bytes":0,"count":471},"ccf::node_inbound":{"bytes":805,"count":5}},"start_time_ms":1691748926972}
2023-08-11T10:15:27.971638Z        100 [info ] ../src/host/load_monitor.h:84        | {"end_time_ms":1691748927971,"ringbuffer_messages":{"AdminMessage::work_stats":{"bytes":24764,"count":472},"ccf::node_outbound":{"bytes":1005,"count":5}},"start_time_ms":1691748927471}
2023-08-11T10:15:27.971650Z        100 [info ] ../src/host/load_monitor.h:91        | {"end_time_ms":1691748927971,"ringbuffer_messages":{"AdminMessage::tick":{"bytes":0,"count":472},"ccf::node_inbound":{"bytes":805,"count":5}},"start_time_ms":1691748927471}
2023-08-11T10:15:28.471396Z        100 [info ] ../src/host/load_monitor.h:84        | {"end_time_ms":1691748928471,"ringbuffer_messages":{"AdminMessage::work_stats":{"bytes":24712,"count":471},"ccf::node_outbound":{"bytes":1005,"count":5}},"start_time_ms":1691748927971}
2023-08-11T10:15:28.471409Z        100 [info ] ../src/host/load_monitor.h:91        | {"end_time_ms":1691748928471,"ringbuffer_messages":{"AdminMessage::tick":{"bytes":0,"count":471},"ccf::node_inbound":{"bytes":805,"count":5}},"start_time_ms":1691748927971}
2023-08-11T10:15:28.971965Z        100 [info ] ../src/host/load_monitor.h:84        | {"end_time_ms":1691748928971,"ringbuffer_messages":{"AdminMessage::work_stats":{"bytes":24660,"count":470},"ccf::node_outbound":{"bytes":1005,"count":5}},"start_time_ms":1691748928471}
2023-08-11T10:15:28.971976Z        100 [info ] ../src/host/load_monitor.h:91        | {"end_time_ms":1691748928971,"ringbuffer_messages":{"AdminMessage::tick":{"bytes":0,"count":470},"ccf::node_inbound":{"bytes":805,"count":5}},"start_time_ms":1691748928471}
2023-08-11T10:15:29.471498Z        100 [info ] ../src/host/load_monitor.h:84        | {"end_time_ms":1691748929471,"ringbuffer_messages":{"AdminMessage::work_stats":{"bytes":24764,"count":472},"ccf::node_outbound":{"bytes":1005,"count":5}},"start_time_ms":1691748928971}
2023-08-11T10:15:29.471515Z        100 [info ] ../src/host/load_monitor.h:91        | {"end_time_ms":1691748929471,"ringbuffer_messages":{"AdminMessage::tick":{"bytes":0,"count":472},"ccf::node_inbound":{"bytes":805,"count":5}},"start_time_ms":1691748928971}
2023-08-11T10:15:29.971989Z        100 [info ] ../src/host/load_monitor.h:84        | {"end_time_ms":1691748929971,"ringbuffer_messages":{"AdminMessage::work_stats":{"bytes":24816,"count":473},"ccf::node_outbound":{"bytes":1005,"count":5}},"start_time_ms":1691748929471}
2023-08-11T10:15:29.972004Z        100 [info ] ../src/host/load_monitor.h:91        | {"end_time_ms":1691748929971,"ringbuffer_messages":{"AdminMessage::tick":{"bytes":0,"count":473},"ccf::node_inbound":{"bytes":805,"count":5}},"start_time_ms":1691748929471}
2023-08-11T10:15:30.471507Z        100 [info ] ../src/host/load_monitor.h:84        | {"end_time_ms":1691748930471,"ringbuffer_messages":{"AdminMessage::work_stats":{"bytes":24712,"count":471},"ccf::node_outbound":{"bytes":1005,"count":5}},"start_time_ms":1691748929971}
2023-08-11T10:15:30.471522Z        100 [info ] ../src/host/load_monitor.h:91        | {"end_time_ms":1691748930471,"ringbuffer_messages":{"AdminMessage::tick":{"bytes":0,"count":471},"ccf::node_inbound":{"bytes":805,"count":5}},"start_time_ms":1691748929971}
2023-08-11T10:15:30.972149Z        100 [info ] ../src/host/load_monitor.h:84        | {"end_time_ms":1691748930972,"ringbuffer_messages":{"AdminMessage::work_stats":{"bytes":24868,"count":474},"ccf::node_outbound":{"bytes":1005,"count":5}},"start_time_ms":1691748930471}
2023-08-11T10:15:30.972160Z        100 [info ] ../src/host/load_monitor.h:91        | {"end_time_ms":1691748930972,"ringbuffer_messages":{"AdminMessage::tick":{"bytes":0,"count":474},"ccf::node_inbound":{"bytes":805,"count":5}},"start_time_ms":1691748930471}
2023-08-11T10:15:31.471809Z        100 [info ] ../src/host/load_monitor.h:84        | {"end_time_ms":1691748931471,"ringbuffer_messages":{"AdminMessage::work_stats":{"bytes":24660,"count":470},"ccf::node_outbound":{"bytes":1005,"count":5}},"start_time_ms":1691748930972}
2023-08-11T10:15:31.471827Z        100 [info ] ../src/host/load_monitor.h:91        | {"end_time_ms":1691748931471,"ringbuffer_messages":{"AdminMessage::tick":{"bytes":0,"count":470},"ccf::node_inbound":{"bytes":805,"count":5}},"start_time_ms":1691748930972}
2023-08-11T10:15:31.971823Z        100 [info ] ../src/host/load_monitor.h:84        | {"end_time_ms":1691748931971,"ringbuffer_messages":{"AdminMessage::work_stats":{"bytes":24660,"count":470},"ccf::node_outbound":{"bytes":1005,"count":5}},"start_time_ms":1691748931471}
2023-08-11T10:15:31.971839Z        100 [info ] ../src/host/load_monitor.h:91        | {"end_time_ms":1691748931971,"ringbuffer_messages":{"AdminMessage::tick":{"bytes":0,"count":470},"ccf::node_inbound":{"bytes":805,"count":5}},"start_time_ms":1691748931471}
2023-08-11T10:15:32.471565Z        100 [info ] ../src/host/load_monitor.h:84        | {"end_time_ms":1691748932471,"ringbuffer_messages":{"AdminMessage::work_stats":{"bytes":24660,"count":470},"ccf::node_outbound":{"bytes":1005,"count":5}},"start_time_ms":1691748931971}
2023-08-11T10:15:32.471582Z        100 [info ] ../src/host/load_monitor.h:91        | {"end_time_ms":1691748932471,"ringbuffer_messages":{"AdminMessage::tick":{"bytes":0,"count":470},"ccf::node_inbound":{"bytes":805,"count":5}},"start_time_ms":1691748931971}
2023-08-11T10:15:32.972288Z        100 [info ] ../src/host/load_monitor.h:84        | {"end_time_ms":1691748932972,"ringbuffer_messages":{"AdminMessage::work_stats":{"bytes":24816,"count":473},"ccf::node_outbound":{"bytes":1005,"count":5}},"start_time_ms":1691748932471}
2023-08-11T10:15:32.972300Z        100 [info ] ../src/host/load_monitor.h:91        | {"end_time_ms":1691748932972,"ringbuffer_messages":{"AdminMessage::tick":{"bytes":0,"count":473},"ccf::node_inbound":{"bytes":805,"count":5}},"start_time_ms":1691748932471}
2023-08-11T10:15:33.471840Z        100 [info ] ../src/host/load_monitor.h:84        | {"end_time_ms":1691748933471,"ringbuffer_messages":{"AdminMessage::work_stats":{"bytes":24712,"count":471},"ccf::node_outbound":{"bytes":1005,"count":5}},"start_time_ms":1691748932972}
2023-08-11T10:15:33.471850Z        100 [info ] ../src/host/load_monitor.h:91        | {"end_time_ms":1691748933471,"ringbuffer_messages":{"AdminMessage::tick":{"bytes":0,"count":471},"ccf::node_inbound":{"bytes":805,"count":5}},"start_time_ms":1691748932972}
2023-08-11T10:15:33.971448Z        100 [info ] ../src/host/load_monitor.h:84        | {"end_time_ms":1691748933971,"ringbuffer_messages":{"AdminMessage::work_stats":{"bytes":24660,"count":470},"ccf::node_outbound":{"bytes":1005,"count":5}},"start_time_ms":1691748933471}
2023-08-11T10:15:33.971460Z        100 [info ] ../src/host/load_monitor.h:91        | {"end_time_ms":1691748933971,"ringbuffer_messages":{"AdminMessage::tick":{"bytes":0,"count":470},"ccf::node_inbound":{"bytes":805,"count":5}},"start_time_ms":1691748933471}
2023-08-11T10:15:34.471972Z        100 [info ] ../src/host/load_monitor.h:84        | {"end_time_ms":1691748934471,"ringbuffer_messages":{"AdminMessage::work_stats":{"bytes":24816,"count":473},"ccf::node_outbound":{"bytes":1005,"count":5}},"start_time_ms":1691748933971}
2023-08-11T10:15:34.471982Z        100 [info ] ../src/host/load_monitor.h:91        | {"end_time_ms":1691748934471,"ringbuffer_messages":{"AdminMessage::tick":{"bytes":0,"count":473},"ccf::node_inbound":{"bytes":805,"count":5}},"start_time_ms":1691748933971}
2023-08-11T10:15:34.972437Z        100 [info ] ../src/host/load_monitor.h:84        | {"end_time_ms":1691748934972,"ringbuffer_messages":{"AdminMessage::work_stats":{"bytes":24712,"count":471},"ccf::node_outbound":{"bytes":1005,"count":5}},"start_time_ms":1691748934471}
2023-08-11T10:15:34.972449Z        100 [info ] ../src/host/load_monitor.h:91        | {"end_time_ms":1691748934972,"ringbuffer_messages":{"AdminMessage::tick":{"bytes":0,"count":471},"ccf::node_inbound":{"bytes":805,"count":5}},"start_time_ms":1691748934471}
2023-08-11T10:15:35.473244Z        100 [info ] ../src/host/load_monitor.h:84        | {"end_time_ms":1691748935473,"ringbuffer_messages":{"AdminMessage::work_stats":{"bytes":29502,"count":469},"OversizedMessage::fragment":{"bytes":161649,"count":3},"ccf::node_outbound":{"bytes":45828,"count":228},"consensus::ledger_append":{"bytes":1361315,"count":5002},"tls::tls_outbound":{"bytes":31692,"count":163}},"start_time_ms":1691748934972}
2023-08-11T10:15:35.473260Z        100 [info ] ../src/host/load_monitor.h:91        | {"end_time_ms":1691748935473,"ringbuffer_messages":{"AdminMessage::tick":{"bytes":0,"count":469},"OversizedMessage::fragment":{"bytes":162287,"count":3},"ccf::node_inbound":{"bytes":1392782,"count":228},"tls::tls_inbound":{"bytes":304330,"count":148},"tls::tls_start":{"bytes":148,"count":4}},"start_time_ms":1691748934972}
2023-08-11T10:15:35.973414Z        100 [info ] ../src/host/load_monitor.h:84        | {"end_time_ms":1691748935973,"ringbuffer_messages":{"AdminMessage::work_stats":{"bytes":51909,"count":423},"OversizedMessage::fragment":{"bytes":1499271,"count":29},"ccf::node_outbound":{"bytes":162810,"count":810},"consensus::ledger_append":{"bytes":9599014,"count":33776},"consensus::ledger_commit":{"bytes":80,"count":10},"tls::tls_outbound":{"bytes":451367,"count":2770}},"start_time_ms":1691748935473}
2023-08-11T10:15:35.973437Z        100 [info ] ../src/host/load_monitor.h:91        | {"end_time_ms":1691748935973,"ringbuffer_messages":{"AdminMessage::tick":{"bytes":0,"count":423},"OversizedMessage::fragment":{"bytes":1547376,"count":29},"ccf::node_inbound":{"bytes":9676137,"count":809},"tls::tls_inbound":{"bytes":531606,"count":1865},"tls::tls_start":{"bytes":74,"count":2}},"start_time_ms":1691748935473}
2023-08-11T10:15:36.474312Z        100 [info ] ../src/host/load_monitor.h:84        | {"end_time_ms":1691748936474,"ringbuffer_messages":{"AdminMessage::work_stats":{"bytes":49403,"count":422},"OversizedMessage::fragment":{"bytes":1780570,"count":31},"ccf::node_outbound":{"bytes":157383,"count":783},"consensus::ledger_append":{"bytes":9600745,"count":32609},"consensus::ledger_commit":{"bytes":80,"count":10},"tls::tls_outbound":{"bytes":478492,"count":2972}},"start_time_ms":1691748935973}
2023-08-11T10:15:36.474333Z        100 [info ] ../src/host/load_monitor.h:91        | {"end_time_ms":1691748936474,"ringbuffer_messages":{"AdminMessage::tick":{"bytes":0,"count":422},"OversizedMessage::fragment":{"bytes":1829545,"count":31},"ccf::node_inbound":{"bytes":9703435,"count":784},"tls::tls_inbound":{"bytes":267094,"count":1898}},"start_time_ms":1691748935973}
2023-08-11T10:15:36.974076Z        100 [info ] ../src/host/load_monitor.h:84        | {"end_time_ms":1691748936974,"ringbuffer_messages":{"AdminMessage::work_stats":{"bytes":51680,"count":441},"OversizedMessage::fragment":{"bytes":2393342,"count":39},"ccf::node_outbound":{"bytes":154569,"count":769},"consensus::ledger_append":{"bytes":10081474,"count":32060},"consensus::ledger_commit":{"bytes":56,"count":7},"tls::tls_outbound":{"bytes":496906,"count":3084}},"start_time_ms":1691748936474}
2023-08-11T10:15:36.974097Z        100 [info ] ../src/host/load_monitor.h:91        | {"end_time_ms":1691748936974,"ringbuffer_messages":{"AdminMessage::tick":{"bytes":0,"count":441},"OversizedMessage::fragment":{"bytes":2451330,"count":40},"ccf::node_inbound":{"bytes":10163986,"count":768},"tls::tls_inbound":{"bytes":269212,"count":1983}},"start_time_ms":1691748936474}
2023-08-11T10:15:37.473450Z        100 [info ] ../src/host/load_monitor.h:84        | {"end_time_ms":1691748937473,"ringbuffer_messages":{"AdminMessage::work_stats":{"bytes":56635,"count":508},"OversizedMessage::fragment":{"bytes":3460954,"count":58},"ccf::node_outbound":{"bytes":147936,"count":736},"consensus::ledger_append":{"bytes":10800933,"count":30609},"consensus::ledger_commit":{"bytes":72,"count":9},"tls::tls_outbound":{"bytes":491508,"count":3034}},"start_time_ms":1691748936974}
2023-08-11T10:15:37.473470Z        100 [info ] ../src/host/load_monitor.h:91        | {"end_time_ms":1691748937473,"ringbuffer_messages":{"AdminMessage::tick":{"bytes":0,"count":508},"OversizedMessage::fragment":{"bytes":3509620,"count":59},"ccf::node_inbound":{"bytes":10786233,"count":725},"tls::tls_inbound":{"bytes":319921,"count":2282}},"start_time_ms":1691748936974}
2023-08-11T10:15:37.973426Z        100 [info ] ../src/host/load_monitor.h:84        | {"end_time_ms":1691748937973,"ringbuffer_messages":{"AdminMessage::work_stats":{"bytes":53230,"count":481},"OversizedMessage::fragment":{"bytes":3436716,"count":57},"ccf::node_outbound":{"bytes":150348,"count":748},"consensus::ledger_append":{"bytes":10944130,"count":31305},"consensus::ledger_commit":{"bytes":64,"count":8},"tls::tls_outbound":{"bytes":488754,"count":3017}},"start_time_ms":1691748937473}
2023-08-11T10:15:37.973447Z        100 [info ] ../src/host/load_monitor.h:91        | {"end_time_ms":1691748937973,"ringbuffer_messages":{"AdminMessage::tick":{"bytes":0,"count":481},"OversizedMessage::fragment":{"bytes":3484337,"count":57},"ccf::node_inbound":{"bytes":11154637,"count":760},"tls::tls_inbound":{"bytes":315111,"count":2256}},"start_time_ms":1691748937473}
2023-08-11T10:15:38.473936Z        100 [info ] ../src/host/load_monitor.h:84        | {"end_time_ms":1691748938473,"ringbuffer_messages":{"AdminMessage::work_stats":{"bytes":51179,"count":469},"OversizedMessage::fragment":{"bytes":4941596,"count":82},"ccf::node_outbound":{"bytes":143514,"count":714},"consensus::ledger_append":{"bytes":12104518,"count":29874},"consensus::ledger_commit":{"bytes":80,"count":10},"tls::tls_outbound":{"bytes":468180,"count":2890}},"start_time_ms":1691748937973}
2023-08-11T10:15:38.473956Z        100 [info ] ../src/host/load_monitor.h:91        | {"end_time_ms":1691748938473,"ringbuffer_messages":{"AdminMessage::tick":{"bytes":0,"count":469},"OversizedMessage::fragment":{"bytes":4999436,"count":84},"ccf::node_inbound":{"bytes":12172231,"count":713},"tls::tls_inbound":{"bytes":292386,"count":1979}},"start_time_ms":1691748937973}
2023-08-11T10:15:38.974273Z        100 [info ] ../src/host/load_monitor.h:84        | {"end_time_ms":1691748938974,"ringbuffer_messages":{"AdminMessage::work_stats":{"bytes":57484,"count":519},"OversizedMessage::fragment":{"bytes":4333043,"count":69},"ccf::node_outbound":{"bytes":142911,"count":711},"consensus::ledger_append":{"bytes":11435952,"count":29620},"consensus::ledger_commit":{"bytes":56,"count":7},"tls::tls_outbound":{"bytes":499770,"count":3085}},"start_time_ms":1691748938473}
2023-08-11T10:15:38.974295Z        100 [info ] ../src/host/load_monitor.h:91        | {"end_time_ms":1691748938974,"ringbuffer_messages":{"AdminMessage::tick":{"bytes":0,"count":519},"OversizedMessage::fragment":{"bytes":4057966,"count":66},"ccf::node_inbound":{"bytes":11020356,"count":712},"tls::tls_inbound":{"bytes":309939,"count":2195}},"start_time_ms":1691748938473}
2023-08-11T10:15:39.474063Z        100 [info ] ../src/host/load_monitor.h:84        | {"end_time_ms":1691748939474,"ringbuffer_messages":{"AdminMessage::work_stats":{"bytes":51731,"count":487},"OversizedMessage::fragment":{"bytes":4710420,"count":77},"ccf::node_outbound":{"bytes":142710,"count":710},"consensus::ledger_append":{"bytes":11840862,"count":29734},"consensus::ledger_commit":{"bytes":64,"count":8},"tls::tls_outbound":{"bytes":477090,"count":2945}},"start_time_ms":1691748938974}
2023-08-11T10:15:39.474085Z        100 [info ] ../src/host/load_monitor.h:91        | {"end_time_ms":1691748939474,"ringbuffer_messages":{"AdminMessage::tick":{"bytes":0,"count":487},"OversizedMessage::fragment":{"bytes":5079714,"count":82},"ccf::node_inbound":{"bytes":12412104,"count":708},"tls::tls_inbound":{"bytes":305944,"count":2092}},"start_time_ms":1691748938974}
2023-08-11T10:15:39.973664Z        100 [info ] ../src/host/load_monitor.h:84        | {"end_time_ms":1691748939973,"ringbuffer_messages":{"AdminMessage::work_stats":{"bytes":48857,"count":460},"OversizedMessage::fragment":{"bytes":5030904,"count":81},"ccf::node_outbound":{"bytes":145524,"count":724},"consensus::ledger_append":{"bytes":12282090,"count":30238},"consensus::ledger_commit":{"bytes":64,"count":8},"tls::tls_outbound":{"bytes":473202,"count":2921}},"start_time_ms":1691748939474}
2023-08-11T10:15:39.973684Z        100 [info ] ../src/host/load_monitor.h:91        | {"end_time_ms":1691748939973,"ringbuffer_messages":{"AdminMessage::tick":{"bytes":0,"count":460},"OversizedMessage::fragment":{"bytes":5077811,"count":82},"ccf::node_inbound":{"bytes":12400279,"count":726},"tls::tls_inbound":{"bytes":290535,"count":2037}},"start_time_ms":1691748939474}
2023-08-11T10:15:40.473400Z        100 [info ] ../src/host/load_monitor.h:84        | {"end_time_ms":1691748940473,"ringbuffer_messages":{"AdminMessage::work_stats":{"bytes":56993,"count":523},"OversizedMessage::fragment":{"bytes":6518030,"count":104},"ccf::node_outbound":{"bytes":140499,"count":699},"consensus::ledger_append":{"bytes":13544088,"count":29302},"consensus::ledger_commit":{"bytes":72,"count":9},"tls::tls_outbound":{"bytes":501876,"count":3098}},"start_time_ms":1691748939973}
2023-08-11T10:15:40.473419Z        100 [info ] ../src/host/load_monitor.h:91        | {"end_time_ms":1691748940473,"ringbuffer_messages":{"AdminMessage::tick":{"bytes":0,"count":523},"OversizedMessage::fragment":{"bytes":6576977,"count":106},"ccf::node_inbound":{"bytes":13619920,"count":699},"tls::tls_inbound":{"bytes":333592,"count":2308}},"start_time_ms":1691748939973}
2023-08-11T10:15:40.973621Z        100 [info ] ../src/host/load_monitor.h:84        | {"end_time_ms":1691748940973,"ringbuffer_messages":{"AdminMessage::work_stats":{"bytes":50280,"count":474},"OversizedMessage::fragment":{"bytes":5747236,"count":91},"ccf::node_outbound":{"bytes":141102,"count":702},"consensus::ledger_append":{"bytes":12765077,"count":29265},"consensus::ledger_commit":{"bytes":64,"count":8},"tls::tls_outbound":{"bytes":482922,"count":2981}},"start_time_ms":1691748940473}
2023-08-11T10:15:40.973646Z        100 [info ] ../src/host/load_monitor.h:91        | {"end_time_ms":1691748940973,"ringbuffer_messages":{"AdminMessage::tick":{"bytes":0,"count":474},"OversizedMessage::fragment":{"bytes":5794384,"count":92},"ccf::node_inbound":{"bytes":12536320,"count":672},"tls::tls_inbound":{"bytes":299065,"count":2084}},"start_time_ms":1691748940473}
2023-08-11T10:15:41.473856Z        100 [info ] ../src/host/load_monitor.h:84        | {"end_time_ms":1691748941473,"ringbuffer_messages":{"AdminMessage::work_stats":{"bytes":49418,"count":467},"OversizedMessage::fragment":{"bytes":6404840,"count":102},"ccf::node_outbound":{"bytes":140298,"count":698},"consensus::ledger_append":{"bytes":13390292,"count":29131},"consensus::ledger_commit":{"bytes":64,"count":8},"tls::tls_outbound":{"bytes":485676,"count":2998}},"start_time_ms":1691748940973}
2023-08-11T10:15:41.473882Z        100 [info ] ../src/host/load_monitor.h:91        | {"end_time_ms":1691748941473,"ringbuffer_messages":{"AdminMessage::tick":{"bytes":0,"count":467},"OversizedMessage::fragment":{"bytes":6451263,"count":102},"ccf::node_inbound":{"bytes":13788202,"count":728},"tls::tls_inbound":{"bytes":302560,"count":2064}},"start_time_ms":1691748940973}
2023-08-11T10:15:41.973565Z        100 [info ] ../src/host/load_monitor.h:84        | {"end_time_ms":1691748941973,"ringbuffer_messages":{"AdminMessage::work_stats":{"bytes":54025,"count":507},"OversizedMessage::fragment":{"bytes":8029030,"count":128},"ccf::node_outbound":{"bytes":137082,"count":682},"consensus::ledger_append":{"bytes":14845698,"count":28430},"consensus::ledger_commit":{"bytes":64,"count":8},"tls::tls_outbound":{"bytes":495720,"count":3060}},"start_time_ms":1691748941473}
2023-08-11T10:15:41.973587Z        100 [info ] ../src/host/load_monitor.h:91        | {"end_time_ms":1691748941973,"ringbuffer_messages":{"AdminMessage::tick":{"bytes":0,"count":507},"OversizedMessage::fragment":{"bytes":8088433,"count":128},"ccf::node_inbound":{"bytes":14700638,"count":660},"tls::tls_inbound":{"bytes":318931,"count":2110}},"start_time_ms":1691748941473}
2023-08-11T10:15:42.473956Z        100 [info ] ../src/host/load_monitor.h:84        | {"end_time_ms":1691748942473,"ringbuffer_messages":{"AdminMessage::work_stats":{"bytes":46299,"count":448},"OversizedMessage::fragment":{"bytes":6424444,"count":102},"ccf::node_outbound":{"bytes":139494,"count":694},"consensus::ledger_append":{"bytes":13399320,"count":29086},"consensus::ledger_commit":{"bytes":72,"count":9},"tls::tls_outbound":{"bytes":454086,"count":2803}},"start_time_ms":1691748941973}
2023-08-11T10:15:42.473982Z        100 [info ] ../src/host/load_monitor.h:91        | {"end_time_ms":1691748942473,"ringbuffer_messages":{"AdminMessage::tick":{"bytes":0,"count":448},"OversizedMessage::fragment":{"bytes":6471351,"count":102},"ccf::node_inbound":{"bytes":13694310,"count":716},"tls::tls_inbound":{"bytes":276421,"count":1625}},"start_time_ms":1691748941973}
2023-08-11T10:15:42.973438Z        100 [info ] ../src/host/load_monitor.h:84        | {"end_time_ms":1691748942973,"ringbuffer_messages":{"AdminMessage::work_stats":{"bytes":53060,"count":509},"OversizedMessage::fragment":{"bytes":9823707,"count":155},"ccf::node_outbound":{"bytes":131856,"count":656},"consensus::ledger_append":{"bytes":16349629,"count":27222},"consensus::ledger_commit":{"bytes":72,"count":9},"tls::tls_outbound":{"bytes":472554,"count":2917}},"start_time_ms":1691748942473}
2023-08-11T10:15:42.973461Z        100 [info ] ../src/host/load_monitor.h:91        | {"end_time_ms":1691748942973,"ringbuffer_messages":{"AdminMessage::tick":{"bytes":0,"count":509},"OversizedMessage::fragment":{"bytes":9882649,"count":156},"ccf::node_inbound":{"bytes":16260367,"count":637},"tls::tls_inbound":{"bytes":301109,"count":1944}},"start_time_ms":1691748942473}
2023-08-11T10:15:43.473408Z        100 [info ] ../src/host/load_monitor.h:84        | {"end_time_ms":1691748943473,"ringbuffer_messages":{"AdminMessage::work_stats":{"bytes":53536,"count":504},"OversizedMessage::fragment":{"bytes":6312628,"count":101},"ccf::node_outbound":{"bytes":136278,"count":678},"consensus::ledger_append":{"bytes":13101424,"count":28311},"consensus::ledger_commit":{"bytes":80,"count":10},"tls::tls_outbound":{"bytes":494262,"count":3051}},"start_time_ms":1691748942973}
2023-08-11T10:15:43.473431Z        100 [info ] ../src/host/load_monitor.h:91        | {"end_time_ms":1691748943473,"ringbuffer_messages":{"AdminMessage::tick":{"bytes":0,"count":504},"OversizedMessage::fragment":{"bytes":7146683,"count":113},"ccf::node_inbound":{"bytes":13358521,"count":697},"tls::tls_inbound":{"bytes":306646,"count":2048}},"start_time_ms":1691748942973}
2023-08-11T10:15:43.973488Z        100 [info ] ../src/host/load_monitor.h:84        | {"end_time_ms":1691748943973,"ringbuffer_messages":{"AdminMessage::work_stats":{"bytes":46222,"count":440},"OversizedMessage::fragment":{"bytes":11269733,"count":179},"ccf::node_outbound":{"bytes":131052,"count":652},"consensus::ledger_append":{"bytes":17725360,"count":26932},"consensus::ledger_commit":{"bytes":80,"count":10},"tls::tls_outbound":{"bytes":482598,"count":2979}},"start_time_ms":1691748943473}
2023-08-11T10:15:43.973508Z        100 [info ] ../src/host/load_monitor.h:91        | {"end_time_ms":1691748943973,"ringbuffer_messages":{"AdminMessage::tick":{"bytes":0,"count":440},"OversizedMessage::fragment":{"bytes":10543528,"count":168},"ccf::node_inbound":{"bytes":17433779,"count":616},"tls::tls_inbound":{"bytes":290781,"count":1756}},"start_time_ms":1691748943473}
2023-08-11T10:15:44.473990Z        100 [info ] ../src/host/load_monitor.h:84        | {"end_time_ms":1691748944473,"ringbuffer_messages":{"AdminMessage::work_stats":{"bytes":55231,"count":522},"OversizedMessage::fragment":{"bytes":8596749,"count":136},"ccf::node_outbound":{"bytes":135474,"count":674},"consensus::ledger_append":{"bytes":15343204,"count":28138},"consensus::ledger_commit":{"bytes":80,"count":10},"tls::tls_outbound":{"bytes":495882,"count":3061}},"start_time_ms":1691748943973}
2023-08-11T10:15:44.474011Z        100 [info ] ../src/host/load_monitor.h:91        | {"end_time_ms":1691748944473,"ringbuffer_messages":{"AdminMessage::tick":{"bytes":0,"count":522},"OversizedMessage::fragment":{"bytes":8656336,"count":138},"ccf::node_inbound":{"bytes":15795831,"count":710},"tls::tls_inbound":{"bytes":329156,"count":2239}},"start_time_ms":1691748943973}
2023-08-11T10:15:44.973684Z        100 [info ] ../src/host/load_monitor.h:84        | {"end_time_ms":1691748944973,"ringbuffer_messages":{"AdminMessage::work_stats":{"bytes":47319,"count":438},"OversizedMessage::fragment":{"bytes":6720036,"count":106},"ccf::node_outbound":{"bytes":140097,"count":697},"consensus::ledger_append":{"bytes":13707069,"count":29137},"consensus::ledger_commit":{"bytes":72,"count":9},"tls::tls_outbound":{"bytes":482112,"count":2976}},"start_time_ms":1691748944473}
2023-08-11T10:15:44.973705Z        100 [info ] ../src/host/load_monitor.h:91        | {"end_time_ms":1691748944973,"ringbuffer_messages":{"AdminMessage::tick":{"bytes":0,"count":438},"OversizedMessage::fragment":{"bytes":6767891,"count":106},"ccf::node_inbound":{"bytes":13792616,"count":696},"tls::tls_inbound":{"bytes":280355,"count":1810}},"start_time_ms":1691748944473}
2023-08-11T10:15:45.474299Z        100 [info ] ../src/host/load_monitor.h:84        | {"end_time_ms":1691748945474,"ringbuffer_messages":{"AdminMessage::work_stats":{"bytes":57034,"count":530},"OversizedMessage::fragment":{"bytes":7928690,"count":127},"ccf::node_outbound":{"bytes":133665,"count":665},"consensus::ledger_append":{"bytes":14604135,"count":27841},"consensus::ledger_commit":{"bytes":80,"count":10},"tls::tls_outbound":{"bytes":509166,"count":3143}},"start_time_ms":1691748944973}
2023-08-11T10:15:45.474320Z        100 [info ] ../src/host/load_monitor.h:91        | {"end_time_ms":1691748945474,"ringbuffer_messages":{"AdminMessage::tick":{"bytes":0,"count":530},"OversizedMessage::fragment":{"bytes":7961617,"count":126},"ccf::node_inbound":{"bytes":13844746,"count":663},"tls::tls_inbound":{"bytes":336454,"count":2311}},"start_time_ms":1691748944973}
2023-08-11T10:15:45.973872Z        100 [info ] ../src/host/load_monitor.h:84        | {"end_time_ms":1691748945973,"ringbuffer_messages":{"AdminMessage::work_stats":{"bytes":45261,"count":422},"OversizedMessage::fragment":{"bytes":6472392,"count":103},"ccf::node_outbound":{"bytes":138288,"count":688},"consensus::ledger_append":{"bytes":13357412,"count":28712},"consensus::ledger_commit":{"bytes":64,"count":8},"tls::tls_outbound":{"bytes":475308,"count":2934}},"start_time_ms":1691748945474}
2023-08-11T10:15:45.973901Z        100 [info ] ../src/host/load_monitor.h:91        | {"end_time_ms":1691748945973,"ringbuffer_messages":{"AdminMessage::tick":{"bytes":0,"count":422},"OversizedMessage::fragment":{"bytes":6545149,"count":105},"ccf::node_inbound":{"bytes":13568687,"count":621},"tls::tls_inbound":{"bytes":276708,"count":1865}},"start_time_ms":1691748945474}
2023-08-11T10:15:46.474398Z        100 [info ] ../src/host/load_monitor.h:84        | {"end_time_ms":1691748946474,"ringbuffer_messages":{"AdminMessage::work_stats":{"bytes":56701,"count":533},"OversizedMessage::fragment":{"bytes":8038814,"count":130},"ccf::node_outbound":{"bytes":133263,"count":663},"consensus::ledger_append":{"bytes":14662462,"count":27625},"consensus::ledger_commit":{"bytes":80,"count":10},"tls::tls_outbound":{"bytes":493128,"count":3044}},"start_time_ms":1691748945973}
2023-08-11T10:15:46.474419Z        100 [info ] ../src/host/load_monitor.h:91        | {"end_time_ms":1691748946474,"ringbuffer_messages":{"AdminMessage::tick":{"bytes":0,"count":533},"OversizedMessage::fragment":{"bytes":8097266,"count":130},"ccf::node_inbound":{"bytes":15456151,"count":733},"tls::tls_inbound":{"bytes":332504,"count":2177}},"start_time_ms":1691748945973}
2023-08-11T10:15:46.975020Z        100 [info ] ../src/host/load_monitor.h:84        | {"end_time_ms":1691748946975,"ringbuffer_messages":{"AdminMessage::work_stats":{"bytes":46700,"count":444},"OversizedMessage::fragment":{"bytes":6836884,"count":109},"ccf::node_outbound":{"bytes":138690,"count":690},"consensus::ledger_append":{"bytes":13762933,"count":28883},"consensus::ledger_commit":{"bytes":64,"count":8},"tls::tls_outbound":{"bytes":480492,"count":2966}},"start_time_ms":1691748946474}
2023-08-11T10:15:46.975042Z        100 [info ] ../src/host/load_monitor.h:91        | {"end_time_ms":1691748946975,"ringbuffer_messages":{"AdminMessage::tick":{"bytes":0,"count":444},"OversizedMessage::fragment":{"bytes":6886656,"count":109},"ccf::node_inbound":{"bytes":13835659,"count":689},"tls::tls_inbound":{"bytes":284674,"count":1903}},"start_time_ms":1691748946474}
2023-08-11T10:15:47.475111Z        100 [info ] ../src/host/load_monitor.h:84        | {"end_time_ms":1691748947475,"ringbuffer_messages":{"AdminMessage::work_stats":{"bytes":53166,"count":503},"OversizedMessage::fragment":{"bytes":8297166,"count":132},"ccf::node_outbound":{"bytes":133464,"count":664},"consensus::ledger_append":{"bytes":14929831,"count":27663},"consensus::ledger_commit":{"bytes":80,"count":10},"tls::tls_outbound":{"bytes":489888,"count":3024}},"start_time_ms":1691748946975}
2023-08-11T10:15:47.475132Z        100 [info ] ../src/host/load_monitor.h:91        | {"end_time_ms":1691748947475,"ringbuffer_messages":{"AdminMessage::tick":{"bytes":0,"count":503},"OversizedMessage::fragment":{"bytes":8356587,"count":133},"ccf::node_inbound":{"bytes":14762922,"count":641},"tls::tls_inbound":{"bytes":315286,"count":2062}},"start_time_ms":1691748946975}
2023-08-11T10:15:47.974928Z        100 [info ] ../src/host/load_monitor.h:84        | {"end_time_ms":1691748947974,"ringbuffer_messages":{"AdminMessage::work_stats":{"bytes":47155,"count":448},"OversizedMessage::fragment":{"bytes":6459364,"count":104},"ccf::node_outbound":{"bytes":135876,"count":676},"consensus::ledger_append":{"bytes":13255865,"count":28343},"consensus::ledger_commit":{"bytes":64,"count":8},"tls::tls_outbound":{"bytes":478872,"count":2956}},"start_time_ms":1691748947475}
2023-08-11T10:15:47.974950Z        100 [info ] ../src/host/load_monitor.h:91        | {"end_time_ms":1691748947974,"ringbuffer_messages":{"AdminMessage::tick":{"bytes":0,"count":448},"OversizedMessage::fragment":{"bytes":6506518,"count":104},"ccf::node_inbound":{"bytes":13553682,"count":698},"tls::tls_inbound":{"bytes":287546,"count":1748}},"start_time_ms":1691748947475}
2023-08-11T10:15:48.475314Z        100 [info ] ../src/host/load_monitor.h:84        | {"end_time_ms":1691748948475,"ringbuffer_messages":{"AdminMessage::work_stats":{"bytes":53747,"count":517},"OversizedMessage::fragment":{"bytes":7504587,"count":119},"ccf::node_outbound":{"bytes":132459,"count":659},"consensus::ledger_append":{"bytes":14110205,"count":27549},"consensus::ledger_commit":{"bytes":72,"count":9},"tls::tls_outbound":{"bytes":478872,"count":2956}},"start_time_ms":1691748947974}
2023-08-11T10:15:48.475338Z        100 [info ] ../src/host/load_monitor.h:91        | {"end_time_ms":1691748948475,"ringbuffer_messages":{"AdminMessage::tick":{"bytes":0,"count":517},"OversizedMessage::fragment":{"bytes":7453001,"count":117},"ccf::node_inbound":{"bytes":13063980,"count":628},"tls::tls_inbound":{"bytes":303324,"count":1865}},"start_time_ms":1691748947974}
2023-08-11T10:15:48.975256Z        100 [info ] ../src/host/load_monitor.h:84        | {"end_time_ms":1691748948975,"ringbuffer_messages":{"AdminMessage::work_stats":{"bytes":48837,"count":463},"OversizedMessage::fragment":{"bytes":8057215,"count":126},"ccf::node_outbound":{"bytes":134871,"count":671},"consensus::ledger_append":{"bytes":14770219,"count":27996},"consensus::ledger_commit":{"bytes":72,"count":9},"tls::tls_outbound":{"bytes":474660,"count":2930}},"start_time_ms":1691748948475}
2023-08-11T10:15:48.975276Z        100 [info ] ../src/host/load_monitor.h:91        | {"end_time_ms":1691748948975,"ringbuffer_messages":{"AdminMessage::tick":{"bytes":0,"count":463},"OversizedMessage::fragment":{"bytes":8217287,"count":130},"ccf::node_inbound":{"bytes":15994300,"count":703},"tls::tls_inbound":{"bytes":294688,"count":1683}},"start_time_ms":1691748948475}
2023-08-11T10:15:49.474440Z        100 [info ] ../src/host/load_monitor.h:84        | {"end_time_ms":1691748949474,"ringbuffer_messages":{"AdminMessage::work_stats":{"bytes":53294,"count":505},"OversizedMessage::fragment":{"bytes":11803899,"count":187},"ccf::node_outbound":{"bytes":133263,"count":663},"consensus::ledger_append":{"bytes":18366240,"count":27375},"consensus::ledger_commit":{"bytes":96,"count":12},"tls::tls_outbound":{"bytes":511110,"count":3155}},"start_time_ms":1691748948975}
2023-08-11T10:15:49.474462Z        100 [info ] ../src/host/load_monitor.h:91        | {"end_time_ms":1691748949474,"ringbuffer_messages":{"AdminMessage::tick":{"bytes":0,"count":505},"OversizedMessage::fragment":{"bytes":11660110,"count":184},"ccf::node_inbound":{"bytes":17103433,"count":621},"tls::tls_inbound":{"bytes":320277,"count":1948}},"start_time_ms":1691748948975}
2023-08-11T10:15:49.974558Z        100 [info ] ../src/host/load_monitor.h:84        | {"end_time_ms":1691748949974,"ringbuffer_messages":{"AdminMessage::work_stats":{"bytes":52220,"count":493},"OversizedMessage::fragment":{"bytes":8675150,"count":136},"ccf::node_outbound":{"bytes":132660,"count":660},"consensus::ledger_append":{"bytes":15287063,"count":27576},"consensus::ledger_commit":{"bytes":72,"count":9},"tls::tls_outbound":{"bytes":480168,"count":2964}},"start_time_ms":1691748949474}
2023-08-11T10:15:49.974581Z        100 [info ] ../src/host/load_monitor.h:91        | {"end_time_ms":1691748949974,"ringbuffer_messages":{"AdminMessage::tick":{"bytes":0,"count":493},"OversizedMessage::fragment":{"bytes":8939479,"count":144},"ccf::node_inbound":{"bytes":16514475,"count":683},"tls::tls_inbound":{"bytes":312599,"count":2064}},"start_time_ms":1691748949474}
2023-08-11T10:15:50.475031Z        100 [info ] ../src/host/load_monitor.h:84        | {"end_time_ms":1691748950475,"ringbuffer_messages":{"AdminMessage::work_stats":{"bytes":48232,"count":460},"OversizedMessage::fragment":{"bytes":7845771,"count":124},"ccf::node_outbound":{"bytes":136278,"count":678},"consensus::ledger_append":{"bytes":14619557,"count":28250},"consensus::ledger_commit":{"bytes":80,"count":10},"tls::tls_outbound":{"bytes":457974,"count":2827}},"start_time_ms":1691748949974}
2023-08-11T10:15:50.475052Z        100 [info ] ../src/host/load_monitor.h:91        | {"end_time_ms":1691748950475,"ringbuffer_messages":{"AdminMessage::tick":{"bytes":0,"count":460},"OversizedMessage::fragment":{"bytes":7894282,"count":125},"ccf::node_inbound":{"bytes":14226275,"count":632},"tls::tls_inbound":{"bytes":271719,"count":1807}},"start_time_ms":1691748949974}
2023-08-11T10:15:50.974490Z        100 [info ] ../src/host/load_monitor.h:84        | {"end_time_ms":1691748950974,"ringbuffer_messages":{"AdminMessage::work_stats":{"bytes":52292,"count":497},"OversizedMessage::fragment":{"bytes":9544365,"count":152},"ccf::node_outbound":{"bytes":130851,"count":651},"consensus::ledger_append":{"bytes":16051266,"count":27140},"consensus::ledger_commit":{"bytes":72,"count":9},"tls::tls_outbound":{"bytes":490698,"count":3029}},"start_time_ms":1691748950475}
2023-08-11T10:15:50.974512Z        100 [info ] ../src/host/load_monitor.h:91        | {"end_time_ms":1691748950974,"ringbuffer_messages":{"AdminMessage::tick":{"bytes":0,"count":497},"OversizedMessage::fragment":{"bytes":9456285,"count":149},"ccf::node_inbound":{"bytes":15590884,"count":688},"tls::tls_inbound":{"bytes":303237,"count":2138}},"start_time_ms":1691748950475}
2023-08-11T10:15:51.474414Z        100 [info ] ../src/host/load_monitor.h:84        | {"end_time_ms":1691748951474,"ringbuffer_messages":{"AdminMessage::work_stats":{"bytes":47732,"count":464},"OversizedMessage::fragment":{"bytes":7998943,"count":126},"ccf::node_outbound":{"bytes":134268,"count":668},"consensus::ledger_append":{"bytes":14684080,"count":27880},"consensus::ledger_commit":{"bytes":80,"count":10},"tls::tls_outbound":{"bytes":473202,"count":2921}},"start_time_ms":1691748950974}
2023-08-11T10:15:51.474435Z        100 [info ] ../src/host/load_monitor.h:91        | {"end_time_ms":1691748951474,"ringbuffer_messages":{"AdminMessage::tick":{"bytes":0,"count":464},"OversizedMessage::fragment":{"bytes":7993630,"count":126},"ccf::node_inbound":{"bytes":14547222,"count":640},"tls::tls_inbound":{"bytes":293671,"count":1817}},"start_time_ms":1691748950974}
2023-08-11T10:15:51.975032Z        100 [info ] ../src/host/load_monitor.h:84        | {"end_time_ms":1691748951975,"ringbuffer_messages":{"AdminMessage::work_stats":{"bytes":52915,"count":510},"OversizedMessage::fragment":{"bytes":9612538,"count":151},"ccf::node_outbound":{"bytes":133464,"count":664},"consensus::ledger_append":{"bytes":16259757,"count":27724},"consensus::ledger_commit":{"bytes":64,"count":8},"tls::tls_outbound":{"bytes":483084,"count":2982}},"start_time_ms":1691748951474}
2023-08-11T10:15:51.975055Z        100 [info ] ../src/host/load_monitor.h:91        | {"end_time_ms":1691748951975,"ringbuffer_messages":{"AdminMessage::tick":{"bytes":0,"count":510},"OversizedMessage::fragment":{"bytes":9662320,"count":152},"ccf::node_inbound":{"bytes":16493125,"count":686},"tls::tls_inbound":{"bytes":311521,"count":1784}},"start_time_ms":1691748951474}
2023-08-11T10:15:52.474691Z        100 [info ] ../src/host/load_monitor.h:84        | {"end_time_ms":1691748952474,"ringbuffer_messages":{"AdminMessage::work_stats":{"bytes":55355,"count":528},"OversizedMessage::fragment":{"bytes":10624849,"count":166},"ccf::node_outbound":{"bytes":130047,"count":647},"consensus::ledger_append":{"bytes":17075072,"count":26905},"consensus::ledger_commit":{"bytes":80,"count":10},"tls::tls_outbound":{"bytes":488430,"count":3015}},"start_time_ms":1691748951975}
2023-08-11T10:15:52.474713Z        100 [info ] ../src/host/load_monitor.h:91        | {"end_time_ms":1691748952474,"ringbuffer_messages":{"AdminMessage::tick":{"bytes":0,"count":528},"OversizedMessage::fragment":{"bytes":10883359,"count":171},"ccf::node_inbound":{"bytes":17845741,"count":624},"tls::tls_inbound":{"bytes":319098,"count":1792}},"start_time_ms":1691748951975}
2023-08-11T10:15:52.975136Z        100 [info ] ../src/host/load_monitor.h:84        | {"end_time_ms":1691748952975,"ringbuffer_messages":{"AdminMessage::work_stats":{"bytes":47825,"count":449},"OversizedMessage::fragment":{"bytes":10303076,"count":162},"ccf::node_outbound":{"bytes":130650,"count":650},"consensus::ledger_append":{"bytes":16816856,"count":27170},"consensus::ledger_commit":{"bytes":56,"count":7},"tls::tls_outbound":{"bytes":452509,"count":2783}},"start_time_ms":1691748952474}
2023-08-11T10:15:52.975156Z        100 [info ] ../src/host/load_monitor.h:91        | {"end_time_ms":1691748952975,"ringbuffer_messages":{"AdminMessage::tick":{"bytes":0,"count":449},"OversizedMessage::fragment":{"bytes":10171515,"count":160},"ccf::node_inbound":{"bytes":16505541,"count":707},"tls::tls_inbound":{"bytes":279837,"count":1637}},"start_time_ms":1691748952474}
2023-08-11T10:15:53.474400Z        100 [info ] ../src/host/load_monitor.h:84        | {"end_time_ms":1691748953474,"ringbuffer_messages":{"AdminMessage::work_stats":{"bytes":45797,"count":431},"OversizedMessage::fragment":{"bytes":7542712,"count":119},"ccf::node_outbound":{"bytes":134067,"count":667},"consensus::ledger_append":{"bytes":14214448,"count":27823},"consensus::ledger_commit":{"bytes":80,"count":10},"tls::tls_outbound":{"bytes":459497,"count":2819}},"start_time_ms":1691748952975}
2023-08-11T10:15:53.474422Z        100 [info ] ../src/host/load_monitor.h:91        | {"end_time_ms":1691748953474,"ringbuffer_messages":{"AdminMessage::tick":{"bytes":0,"count":431},"OversizedMessage::fragment":{"bytes":7778852,"count":123},"ccf::node_inbound":{"bytes":15264360,"count":667},"tls::tls_inbound":{"bytes":263036,"count":1665}},"start_time_ms":1691748952975}
2023-08-11T10:15:53.975377Z        100 [info ] ../src/host/load_monitor.h:84        | {"end_time_ms":1691748953975,"ringbuffer_messages":{"AdminMessage::work_stats":{"bytes":53258,"count":499},"OversizedMessage::fragment":{"bytes":9574124,"count":150},"ccf::node_outbound":{"bytes":134469,"count":669},"consensus::ledger_append":{"bytes":16280835,"count":27972},"consensus::ledger_commit":{"bytes":56,"count":7},"tls::tls_outbound":{"bytes":510353,"count":3131}},"start_time_ms":1691748953474}
2023-08-11T10:15:53.975402Z        100 [info ] ../src/host/load_monitor.h:91        | {"end_time_ms":1691748953975,"ringbuffer_messages":{"AdminMessage::tick":{"bytes":0,"count":499},"OversizedMessage::fragment":{"bytes":9380951,"count":147},"ccf::node_inbound":{"bytes":14936205,"count":625},"tls::tls_inbound":{"bytes":318313,"count":2269}},"start_time_ms":1691748953474}
2023-08-11T10:15:54.474685Z        100 [info ] ../src/host/load_monitor.h:84        | {"end_time_ms":1691748954474,"ringbuffer_messages":{"AdminMessage::work_stats":{"bytes":52013,"count":489},"OversizedMessage::fragment":{"bytes":9417584,"count":148},"ccf::node_outbound":{"bytes":137484,"count":684},"consensus::ledger_append":{"bytes":16261221,"count":28543},"consensus::ledger_commit":{"bytes":64,"count":8},"tls::tls_outbound":{"bytes":497150,"count":3050}},"start_time_ms":1691748953975}
2023-08-11T10:15:54.474706Z        100 [info ] ../src/host/load_monitor.h:91        | {"end_time_ms":1691748954474,"ringbuffer_messages":{"AdminMessage::tick":{"bytes":0,"count":489},"OversizedMessage::fragment":{"bytes":9496792,"count":150},"ccf::node_inbound":{"bytes":16643564,"count":711},"tls::tls_inbound":{"bytes":321850,"count":2213}},"start_time_ms":1691748953975}
2023-08-11T10:15:54.975079Z        100 [info ] ../src/host/load_monitor.h:84        | {"end_time_ms":1691748954975,"ringbuffer_messages":{"AdminMessage::work_stats":{"bytes":53126,"count":493},"OversizedMessage::fragment":{"bytes":9301760,"count":146},"ccf::node_outbound":{"bytes":138690,"count":690},"consensus::ledger_append":{"bytes":16241009,"count":28941},"consensus::ledger_commit":{"bytes":72,"count":9},"tls::tls_outbound":{"bytes":502366,"count":3082}},"start_time_ms":1691748954474}
2023-08-11T10:15:54.975101Z        100 [info ] ../src/host/load_monitor.h:91        | {"end_time_ms":1691748954975,"ringbuffer_messages":{"AdminMessage::tick":{"bytes":0,"count":493},"OversizedMessage::fragment":{"bytes":9447374,"count":150},"ccf::node_inbound":{"bytes":16366752,"count":693},"tls::tls_inbound":{"bytes":318443,"count":2263}},"start_time_ms":1691748954474}
2023-08-11T10:15:55.475305Z        100 [info ] ../src/host/load_monitor.h:84        | {"end_time_ms":1691748955475,"ringbuffer_messages":{"AdminMessage::work_stats":{"bytes":46745,"count":415},"OversizedMessage::fragment":{"bytes":4664088,"count":76},"ccf::node_outbound":{"bytes":144720,"count":720},"consensus::ledger_append":{"bytes":11840560,"count":29924},"consensus::ledger_commit":{"bytes":104,"count":13},"tls::tls_outbound":{"bytes":460312,"count":2824}},"start_time_ms":1691748954975}
2023-08-11T10:15:55.475332Z        100 [info ] ../src/host/load_monitor.h:91        | {"end_time_ms":1691748955475,"ringbuffer_messages":{"AdminMessage::tick":{"bytes":0,"count":415},"OversizedMessage::fragment":{"bytes":4814220,"count":79},"ccf::node_inbound":{"bytes":13003143,"count":735},"tls::tls_inbound":{"bytes":254010,"count":1942}},"start_time_ms":1691748954975}
2023-08-11T10:15:55.975356Z        100 [info ] ../src/host/load_monitor.h:84        | {"end_time_ms":1691748955975,"ringbuffer_messages":{"AdminMessage::work_stats":{"bytes":50135,"count":438},"OversizedMessage::fragment":{"bytes":1864980,"count":31},"ccf::node_outbound":{"bytes":151554,"count":754},"consensus::ledger_append":{"bytes":9393053,"count":31389},"consensus::ledger_commit":{"bytes":80,"count":10},"tls::tls_outbound":{"bytes":450532,"count":2764}},"start_time_ms":1691748955475}
2023-08-11T10:15:55.975378Z        100 [info ] ../src/host/load_monitor.h:91        | {"end_time_ms":1691748955975,"ringbuffer_messages":{"AdminMessage::tick":{"bytes":0,"count":438},"OversizedMessage::fragment":{"bytes":1869922,"count":31},"ccf::node_inbound":{"bytes":9494526,"count":754},"tls::tls_inbound":{"bytes":261617,"count":2091}},"start_time_ms":1691748955475}
2023-08-11T10:15:56.474878Z        100 [info ] ../src/host/load_monitor.h:84        | {"end_time_ms":1691748956474,"ringbuffer_messages":{"AdminMessage::work_stats":{"bytes":71051,"count":695},"OversizedMessage::fragment":{"bytes":422572,"count":10},"ccf::node_outbound":{"bytes":58290,"count":290},"consensus::ledger_append":{"bytes":3177173,"count":11488},"consensus::ledger_commit":{"bytes":40,"count":5},"tls::tls_outbound":{"bytes":9057584,"count":55568}},"start_time_ms":1691748955975}
2023-08-11T10:15:56.474906Z        100 [info ] ../src/host/load_monitor.h:91        | {"end_time_ms":1691748956474,"ringbuffer_messages":{"AdminMessage::tick":{"bytes":0,"count":695},"OversizedMessage::fragment":{"bytes":423850,"count":10},"ccf::node_inbound":{"bytes":3217152,"count":290},"tls::tls_inbound":{"bytes":5491734,"count":9880}},"start_time_ms":1691748955975}
2023-08-11T10:15:56.974569Z        100 [info ] ../src/host/load_monitor.h:84        | {"end_time_ms":1691748956974,"ringbuffer_messages":{"AdminMessage::work_stats":{"bytes":47826,"count":489},"ccf::node_outbound":{"bytes":1005,"count":5},"tls::tls_outbound":{"bytes":13812946,"count":84742}},"start_time_ms":1691748956474}
2023-08-11T10:15:56.974603Z        100 [info ] ../src/host/load_monitor.h:91        | {"end_time_ms":1691748956974,"ringbuffer_messages":{"AdminMessage::tick":{"bytes":0,"count":489},"ccf::node_inbound":{"bytes":805,"count":5},"tls::tls_inbound":{"bytes":8224125,"count":12253}},"start_time_ms":1691748956474}
2023-08-11T10:15:57.475178Z        100 [info ] ../src/host/load_monitor.h:84        | {"end_time_ms":1691748957475,"ringbuffer_messages":{"AdminMessage::work_stats":{"bytes":47350,"count":484},"ccf::node_outbound":{"bytes":1005,"count":5},"tls::tls_outbound":{"bytes":13693141,"count":84007}},"start_time_ms":1691748956974}
2023-08-11T10:15:57.475208Z        100 [info ] ../src/host/load_monitor.h:91        | {"end_time_ms":1691748957475,"ringbuffer_messages":{"AdminMessage::tick":{"bytes":0,"count":484},"ccf::node_inbound":{"bytes":805,"count":5},"tls::tls_inbound":{"bytes":8137434,"count":12034}},"start_time_ms":1691748956974}
2023-08-11T10:15:57.974399Z        100 [info ] ../src/host/load_monitor.h:84        | {"end_time_ms":1691748957974,"ringbuffer_messages":{"AdminMessage::work_stats":{"bytes":48334,"count":494},"ccf::node_outbound":{"bytes":1005,"count":5},"tls::tls_outbound":{"bytes":13648642,"count":83734}},"start_time_ms":1691748957475}
2023-08-11T10:15:57.974429Z        100 [info ] ../src/host/load_monitor.h:91        | {"end_time_ms":1691748957974,"ringbuffer_messages":{"AdminMessage::tick":{"bytes":0,"count":494},"ccf::node_inbound":{"bytes":805,"count":5},"tls::tls_inbound":{"bytes":8126426,"count":12399}},"start_time_ms":1691748957475}
2023-08-11T10:15:58.474567Z        100 [info ] ../src/host/load_monitor.h:84        | {"end_time_ms":1691748958474,"ringbuffer_messages":{"AdminMessage::work_stats":{"bytes":47607,"count":487},"ccf::node_outbound":{"bytes":1005,"count":5},"tls::tls_outbound":{"bytes":13668202,"count":83854}},"start_time_ms":1691748957974}
2023-08-11T10:15:58.474598Z        100 [info ] ../src/host/load_monitor.h:91        | {"end_time_ms":1691748958474,"ringbuffer_messages":{"AdminMessage::tick":{"bytes":0,"count":487},"ccf::node_inbound":{"bytes":805,"count":5},"tls::tls_inbound":{"bytes":8137836,"count":11874}},"start_time_ms":1691748957974}
2023-08-11T10:15:58.975374Z        100 [info ] ../src/host/load_monitor.h:84        | {"end_time_ms":1691748958975,"ringbuffer_messages":{"AdminMessage::work_stats":{"bytes":47401,"count":485},"ccf::node_outbound":{"bytes":1005,"count":5},"tls::tls_outbound":{"bytes":13912376,"count":85352}},"start_time_ms":1691748958474}
2023-08-11T10:15:58.975446Z        100 [info ] ../src/host/load_monitor.h:91        | {"end_time_ms":1691748958975,"ringbuffer_messages":{"AdminMessage::tick":{"bytes":0,"count":485},"ccf::node_inbound":{"bytes":805,"count":5},"tls::tls_inbound":{"bytes":8292720,"count":11888}},"start_time_ms":1691748958474}
2023-08-11T10:15:59.474866Z        100 [info ] ../src/host/load_monitor.h:84        | {"end_time_ms":1691748959474,"ringbuffer_messages":{"AdminMessage::work_stats":{"bytes":47463,"count":485},"ccf::node_outbound":{"bytes":1005,"count":5},"tls::tls_outbound":{"bytes":13708137,"count":84099}},"start_time_ms":1691748958975}
2023-08-11T10:15:59.474898Z        100 [info ] ../src/host/load_monitor.h:91        | {"end_time_ms":1691748959474,"ringbuffer_messages":{"AdminMessage::tick":{"bytes":0,"count":485},"ccf::node_inbound":{"bytes":805,"count":5},"tls::tls_inbound":{"bytes":8167912,"count":12379}},"start_time_ms":1691748958975}
2023-08-11T10:15:59.974391Z        100 [info ] ../src/host/load_monitor.h:84        | {"end_time_ms":1691748959974,"ringbuffer_messages":{"AdminMessage::work_stats":{"bytes":47835,"count":489},"ccf::node_outbound":{"bytes":1206,"count":6},"tls::tls_outbound":{"bytes":14055490,"count":86230}},"start_time_ms":1691748959474}
2023-08-11T10:15:59.974423Z        100 [info ] ../src/host/load_monitor.h:91        | {"end_time_ms":1691748959974,"ringbuffer_messages":{"AdminMessage::tick":{"bytes":0,"count":489},"ccf::node_inbound":{"bytes":805,"count":5},"tls::tls_inbound":{"bytes":8380574,"count":12303}},"start_time_ms":1691748959474}
2023-08-11T10:16:00.474401Z        100 [info ] ../src/host/load_monitor.h:84        | {"end_time_ms":1691748960474,"ringbuffer_messages":{"AdminMessage::work_stats":{"bytes":47879,"count":490},"ccf::node_outbound":{"bytes":804,"count":4},"tls::tls_outbound":{"bytes":13346929,"count":81883}},"start_time_ms":1691748959974}
2023-08-11T10:16:00.474431Z        100 [info ] ../src/host/load_monitor.h:91        | {"end_time_ms":1691748960474,"ringbuffer_messages":{"AdminMessage::tick":{"bytes":0,"count":490},"ccf::node_inbound":{"bytes":805,"count":5},"tls::tls_inbound":{"bytes":7905724,"count":11765}},"start_time_ms":1691748959974}
2023-08-11T10:16:00.974416Z        100 [info ] ../src/host/load_monitor.h:84        | {"end_time_ms":1691748960974,"ringbuffer_messages":{"AdminMessage::work_stats":{"bytes":47252,"count":483},"ccf::node_outbound":{"bytes":1005,"count":5},"tls::tls_outbound":{"bytes":14091187,"count":86449}},"start_time_ms":1691748960474}
2023-08-11T10:16:00.974447Z        100 [info ] ../src/host/load_monitor.h:91        | {"end_time_ms":1691748960974,"ringbuffer_messages":{"AdminMessage::tick":{"bytes":0,"count":483},"ccf::node_inbound":{"bytes":805,"count":5},"tls::tls_inbound":{"bytes":8399846,"count":12712}},"start_time_ms":1691748960474}
2023-08-11T10:16:01.475191Z        100 [info ] ../src/host/load_monitor.h:84        | {"end_time_ms":1691748961475,"ringbuffer_messages":{"AdminMessage::work_stats":{"bytes":46693,"count":477},"ccf::node_outbound":{"bytes":1005,"count":5},"tls::tls_outbound":{"bytes":14025824,"count":86048}},"start_time_ms":1691748960974}
2023-08-11T10:16:01.475231Z        100 [info ] ../src/host/load_monitor.h:91        | {"end_time_ms":1691748961475,"ringbuffer_messages":{"AdminMessage::tick":{"bytes":0,"count":477},"ccf::node_inbound":{"bytes":805,"count":5},"tls::tls_inbound":{"bytes":8366318,"count":12561}},"start_time_ms":1691748960974}
2023-08-11T10:16:01.974399Z        100 [info ] ../src/host/load_monitor.h:84        | {"end_time_ms":1691748961974,"ringbuffer_messages":{"AdminMessage::work_stats":{"bytes":47032,"count":480},"ccf::node_outbound":{"bytes":1005,"count":5},"tls::tls_outbound":{"bytes":13834951,"count":84877}},"start_time_ms":1691748961475}
2023-08-11T10:16:01.974434Z        100 [info ] ../src/host/load_monitor.h:91        | {"end_time_ms":1691748961974,"ringbuffer_messages":{"AdminMessage::tick":{"bytes":0,"count":480},"ccf::node_inbound":{"bytes":805,"count":5},"tls::tls_inbound":{"bytes":8225719,"count":12637}},"start_time_ms":1691748961475}
2023-08-11T10:16:02.475295Z        100 [info ] ../src/host/load_monitor.h:84        | {"end_time_ms":1691748962475,"ringbuffer_messages":{"AdminMessage::work_stats":{"bytes":47288,"count":483},"ccf::node_outbound":{"bytes":1005,"count":5},"tls::tls_closed":{"bytes":24,"count":3},"tls::tls_outbound":{"bytes":10379514,"count":63678},"tls::tls_stop":{"bytes":90,"count":3}},"start_time_ms":1691748961974}
2023-08-11T10:16:02.475328Z        100 [info ] ../src/host/load_monitor.h:91        | {"end_time_ms":1691748962475,"ringbuffer_messages":{"AdminMessage::tick":{"bytes":0,"count":483},"ccf::node_inbound":{"bytes":805,"count":5},"tls::tls_close":{"bytes":48,"count":6},"tls::tls_inbound":{"bytes":5911948,"count":8726}},"start_time_ms":1691748961974}
2023-08-11T10:16:02.975159Z        100 [info ] ../src/host/load_monitor.h:84        | {"end_time_ms":1691748962975,"ringbuffer_messages":{"AdminMessage::work_stats":{"bytes":42654,"count":464},"ccf::node_outbound":{"bytes":1005,"count":5},"tls::tls_closed":{"bytes":24,"count":3},"tls::tls_outbound":{"bytes":4466037,"count":27399},"tls::tls_stop":{"bytes":90,"count":3}},"start_time_ms":1691748962475}
2023-08-11T10:16:02.975192Z        100 [info ] ../src/host/load_monitor.h:91        | {"end_time_ms":1691748962975,"ringbuffer_messages":{"AdminMessage::tick":{"bytes":0,"count":464},"ccf::node_inbound":{"bytes":805,"count":5},"tls::tls_close":{"bytes":48,"count":6},"tls::tls_inbound":{"bytes":2389525,"count":3157}},"start_time_ms":1691748962475}
2023-08-11T10:16:03.475039Z        100 [info ] ../src/host/load_monitor.h:84        | {"end_time_ms":1691748963475,"ringbuffer_messages":{"AdminMessage::work_stats":{"bytes":24764,"count":472},"ccf::node_outbound":{"bytes":1005,"count":5}},"start_time_ms":1691748962975}
2023-08-11T10:16:03.475051Z        100 [info ] ../src/host/load_monitor.h:91        | {"end_time_ms":1691748963475,"ringbuffer_messages":{"AdminMessage::tick":{"bytes":0,"count":472},"ccf::node_inbound":{"bytes":805,"count":5}},"start_time_ms":1691748962975}
2023-08-11T10:16:03.974509Z        100 [info ] ../src/host/load_monitor.h:84        | {"end_time_ms":1691748963974,"ringbuffer_messages":{"AdminMessage::work_stats":{"bytes":24632,"count":472},"ccf::node_outbound":{"bytes":402,"count":2}},"start_time_ms":1691748963475}
2023-08-11T10:16:03.974523Z        100 [info ] ../src/host/load_monitor.h:91        | {"end_time_ms":1691748963974,"ringbuffer_messages":{"AdminMessage::tick":{"bytes":0,"count":472},"ccf::node_inbound":{"bytes":322,"count":2}},"start_time_ms":1691748963475}
2023-08-11T10:16:04.010722Z        100 [info ] ../src/host/sig_term.h:39            | Hangup: Shutting down enclave gracefully...
2023-08-11T10:16:04.011818Z -0.001 0   [info ] ../src/enclave/enclave.h:473         | Enclave stopped successfully. Stopping host...
2023-08-11T10:16:04.011838Z        100 [info ] ../src/host/handle_ring_buffer.h:100 | Host stopped successfully
2023-08-11T10:16:04.011845Z        100 [info ] ../src/host/main.cpp:721             | Exited event loop
2023-08-11T10:16:04.011960Z        100 [info ] ../src/host/main.cpp:739             | Ran an extra 1 cleanup iteration(s)
